================================================================================
Log iniciado: 2026-01-04 03:21:47
Aplicación: HFA-ICO
Versión: 1.0.0.0
Sistema: Microsoft Windows NT 10.0.19045.0
Usuario: Fabian
================================================================================

[2026-01-04 03:21:47.255] [DEBUG] Eventos inicializados
[2026-01-04 03:21:47.342] [DEBUG] Controles de conversión por lotes inicializados
[2026-01-04 03:21:47.638] [DEBUG] Editor de iconos inicializado
[2026-01-04 03:21:47.640] [INFO] Aplicación iniciada
[2026-01-04 03:21:55.944] [INFO] Cargando icono: hfa-pos_admin2.ico
[2026-01-04 03:21:56.014] [DEBUG] Zoom ajustado a 2x
[2026-01-04 03:21:56.018] [DEBUG] Tamaño seleccionado: 256x256
[2026-01-04 03:21:56.022] [INFO] ✓ Icono cargado: 6 tamaños encontrados
[2026-01-04 03:22:03.373] [DEBUG] Herramienta: Varita Mágica
[2026-01-04 03:22:04.905] [DEBUG] Imagen modificada en el editor de píxeles
[2026-01-04 03:22:04.946] [DEBUG] Imagen modificada en el editor de píxeles
[2026-01-04 03:22:04.975] [DEBUG] Imagen modificada en el editor de píxeles
[2026-01-04 03:22:05.008] [DEBUG] Imagen modificada en el editor de píxeles
[2026-01-04 03:22:05.056] [DEBUG] Imagen modificada en el editor de píxeles
[2026-01-04 03:22:05.079] [DEBUG] Imagen modificada en el editor de píxeles
[2026-01-04 03:22:05.143] [DEBUG] Imagen modificada en el editor de píxeles
[2026-01-04 03:22:05.205] [DEBUG] Imagen modificada en el editor de píxeles
[2026-01-04 03:22:05.259] [DEBUG] Imagen modificada en el editor de píxeles
[2026-01-04 03:22:06.067] [DEBUG] Imagen modificada en el editor de píxeles
[2026-01-04 03:22:06.784] [DEBUG] Imagen modificada en el editor de píxeles
[2026-01-04 03:22:06.842] [DEBUG] Imagen modificada en el editor de píxeles
[2026-01-04 03:22:06.895] [DEBUG] Imagen modificada en el editor de píxeles
[2026-01-04 03:22:06.952] [DEBUG] Imagen modificada en el editor de píxeles
[2026-01-04 03:22:06.953] [DEBUG] Imagen modificada en el editor de píxeles
[2026-01-04 03:22:07.027] [DEBUG] Imagen modificada en el editor de píxeles
[2026-01-04 03:22:07.174] [DEBUG] Imagen modificada en el editor de píxeles
[2026-01-04 03:22:07.227] [DEBUG] Imagen modificada en el editor de píxeles
[2026-01-04 03:22:07.287] [DEBUG] Imagen modificada en el editor de píxeles
[2026-01-04 03:22:09.185] [DEBUG] Imagen modificada en el editor de píxeles
[2026-01-04 03:22:09.242] [DEBUG] Imagen modificada en el editor de píxeles
[2026-01-04 03:22:09.385] [DEBUG] Imagen modificada en el editor de píxeles
[2026-01-04 03:22:09.436] [DEBUG] Imagen modificada en el editor de píxeles
[2026-01-04 03:22:09.491] [DEBUG] Imagen modificada en el editor de píxeles
[2026-01-04 03:22:09.554] [DEBUG] Imagen modificada en el editor de píxeles
[2026-01-04 03:22:09.621] [DEBUG] Imagen modificada en el editor de píxeles
[2026-01-04 03:22:09.676] [DEBUG] Imagen modificada en el editor de píxeles
[2026-01-04 03:22:09.736] [DEBUG] Imagen modificada en el editor de píxeles
[2026-01-04 03:22:09.789] [DEBUG] Imagen modificada en el editor de píxeles
[2026-01-04 03:22:09.851] [DEBUG] Imagen modificada en el editor de píxeles
[2026-01-04 03:22:09.908] [DEBUG] Imagen modificada en el editor de píxeles
[2026-01-04 03:22:09.963] [DEBUG] Imagen modificada en el editor de píxeles
[2026-01-04 03:22:10.027] [DEBUG] Imagen modificada en el editor de píxeles
[2026-01-04 03:22:10.081] [DEBUG] Imagen modificada en el editor de píxeles
[2026-01-04 03:22:10.135] [DEBUG] Imagen modificada en el editor de píxeles
[2026-01-04 03:22:10.189] [DEBUG] Imagen modificada en el editor de píxeles
[2026-01-04 03:22:10.259] [DEBUG] Imagen modificada en el editor de píxeles
[2026-01-04 03:22:10.313] [DEBUG] Imagen modificada en el editor de píxeles
[2026-01-04 03:22:10.373] [DEBUG] Imagen modificada en el editor de píxeles
[2026-01-04 03:22:10.429] [DEBUG] Imagen modificada en el editor de píxeles
[2026-01-04 03:22:10.490] [DEBUG] Imagen modificada en el editor de píxeles
[2026-01-04 03:22:10.543] [DEBUG] Imagen modificada en el editor de píxeles
[2026-01-04 03:22:10.605] [DEBUG] Imagen modificada en el editor de píxeles
[2026-01-04 03:22:10.659] [DEBUG] Imagen modificada en el editor de píxeles
[2026-01-04 03:22:10.719] [DEBUG] Imagen modificada en el editor de píxeles
[2026-01-04 03:22:10.771] [DEBUG] Imagen modificada en el editor de píxeles
[2026-01-04 03:22:10.772] [DEBUG] Imagen modificada en el editor de píxeles
[2026-01-04 03:22:10.852] [DEBUG] Imagen modificada en el editor de píxeles
[2026-01-04 03:22:11.000] [DEBUG] Imagen modificada en el editor de píxeles
[2026-01-04 03:22:11.058] [DEBUG] Imagen modificada en el editor de píxeles
[2026-01-04 03:22:11.125] [DEBUG] Imagen modificada en el editor de píxeles
[2026-01-04 03:22:11.181] [DEBUG] Imagen modificada en el editor de píxeles
[2026-01-04 03:22:11.240] [DEBUG] Imagen modificada en el editor de píxeles
[2026-01-04 03:22:11.305] [DEBUG] Imagen modificada en el editor de píxeles
[2026-01-04 03:22:11.308] [DEBUG] Imagen modificada en el editor de píxeles
[2026-01-04 03:22:11.450] [DEBUG] Imagen modificada en el editor de píxeles
[2026-01-04 03:22:11.604] [DEBUG] Imagen modificada en el editor de píxeles
[2026-01-04 03:22:11.805] [DEBUG] Imagen modificada en el editor de píxeles
[2026-01-04 03:22:11.864] [DEBUG] Imagen modificada en el editor de píxeles
[2026-01-04 03:22:11.924] [DEBUG] Imagen modificada en el editor de píxeles
[2026-01-04 03:22:12.000] [DEBUG] Imagen modificada en el editor de píxeles
[2026-01-04 03:22:12.078] [DEBUG] Imagen modificada en el editor de píxeles
[2026-01-04 03:22:12.138] [DEBUG] Imagen modificada en el editor de píxeles
[2026-01-04 03:22:12.275] [DEBUG] Imagen modificada en el editor de píxeles
[2026-01-04 03:22:12.331] [DEBUG] Imagen modificada en el editor de píxeles
[2026-01-04 03:22:12.422] [DEBUG] Imagen modificada en el editor de píxeles
[2026-01-04 03:22:12.498] [DEBUG] Imagen modificada en el editor de píxeles
[2026-01-04 03:22:12.553] [DEBUG] Imagen modificada en el editor de píxeles
[2026-01-04 03:22:12.622] [DEBUG] Imagen modificada en el editor de píxeles
[2026-01-04 03:22:12.675] [DEBUG] Imagen modificada en el editor de píxeles
[2026-01-04 03:22:12.732] [DEBUG] Imagen modificada en el editor de píxeles
[2026-01-04 03:22:12.793] [DEBUG] Imagen modificada en el editor de píxeles
[2026-01-04 03:22:12.877] [DEBUG] Imagen modificada en el editor de píxeles
[2026-01-04 03:22:12.960] [DEBUG] Imagen modificada en el editor de píxeles
[2026-01-04 03:22:13.041] [DEBUG] Imagen modificada en el editor de píxeles
[2026-01-04 03:22:13.123] [DEBUG] Imagen modificada en el editor de píxeles
[2026-01-04 03:22:13.262] [DEBUG] Imagen modificada en el editor de píxeles
[2026-01-04 03:22:13.323] [DEBUG] Imagen modificada en el editor de píxeles
[2026-01-04 03:22:13.462] [DEBUG] Imagen modificada en el editor de píxeles
[2026-01-04 03:22:13.527] [DEBUG] Imagen modificada en el editor de píxeles
[2026-01-04 03:22:13.625] [DEBUG] Imagen modificada en el editor de píxeles
[2026-01-04 03:22:13.685] [DEBUG] Imagen modificada en el editor de píxeles
[2026-01-04 03:22:13.742] [DEBUG] Imagen modificada en el editor de píxeles
[2026-01-04 03:22:13.806] [DEBUG] Imagen modificada en el editor de píxeles
[2026-01-04 03:22:13.887] [DEBUG] Imagen modificada en el editor de píxeles
[2026-01-04 03:22:13.976] [DEBUG] Imagen modificada en el editor de píxeles
[2026-01-04 03:22:14.047] [DEBUG] Imagen modificada en el editor de píxeles
[2026-01-04 03:22:14.103] [DEBUG] Imagen modificada en el editor de píxeles
[2026-01-04 03:22:14.164] [DEBUG] Imagen modificada en el editor de píxeles
[2026-01-04 03:22:14.230] [DEBUG] Imagen modificada en el editor de píxeles
[2026-01-04 03:22:14.313] [DEBUG] Imagen modificada en el editor de píxeles
[2026-01-04 03:22:14.406] [DEBUG] Imagen modificada en el editor de píxeles
[2026-01-04 03:22:14.488] [DEBUG] Imagen modificada en el editor de píxeles
[2026-01-04 03:22:14.551] [DEBUG] Imagen modificada en el editor de píxeles
[2026-01-04 03:22:14.552] [DEBUG] Imagen modificada en el editor de píxeles
[2026-01-04 03:22:14.704] [DEBUG] Imagen modificada en el editor de píxeles
[2026-01-04 03:22:14.767] [DEBUG] Imagen modificada en el editor de píxeles
[2026-01-04 03:22:14.932] [DEBUG] Imagen modificada en el editor de píxeles
[2026-01-04 03:22:15.022] [DEBUG] Imagen modificada en el editor de píxeles
[2026-01-04 03:22:15.086] [DEBUG] Imagen modificada en el editor de píxeles
[2026-01-04 03:22:15.140] [DEBUG] Imagen modificada en el editor de píxeles
[2026-01-04 03:22:15.198] [DEBUG] Imagen modificada en el editor de píxeles
[2026-01-04 03:22:15.255] [DEBUG] Imagen modificada en el editor de píxeles
[2026-01-04 03:22:15.321] [DEBUG] Imagen modificada en el editor de píxeles
[2026-01-04 03:22:15.380] [DEBUG] Imagen modificada en el editor de píxeles
[2026-01-04 03:22:15.440] [DEBUG] Imagen modificada en el editor de píxeles
[2026-01-04 03:22:15.500] [DEBUG] Imagen modificada en el editor de píxeles
[2026-01-04 03:22:15.584] [DEBUG] Imagen modificada en el editor de píxeles
[2026-01-04 03:22:15.669] [DEBUG] Imagen modificada en el editor de píxeles
[2026-01-04 03:22:15.670] [DEBUG] Imagen modificada en el editor de píxeles
[2026-01-04 03:22:16.040] [DEBUG] Imagen modificada en el editor de píxeles
[2026-01-04 03:22:16.098] [DEBUG] Imagen modificada en el editor de píxeles
[2026-01-04 03:22:16.161] [DEBUG] Imagen modificada en el editor de píxeles
[2026-01-04 03:22:16.220] [DEBUG] Imagen modificada en el editor de píxeles
[2026-01-04 03:22:16.277] [DEBUG] Imagen modificada en el editor de píxeles
[2026-01-04 03:22:16.601] [DEBUG] Imagen modificada en el editor de píxeles
[2026-01-04 03:22:16.663] [DEBUG] Imagen modificada en el editor de píxeles
[2026-01-04 03:22:16.726] [DEBUG] Imagen modificada en el editor de píxeles
[2026-01-04 03:22:16.794] [DEBUG] Imagen modificada en el editor de píxeles
[2026-01-04 03:22:16.848] [DEBUG] Imagen modificada en el editor de píxeles
[2026-01-04 03:22:16.990] [DEBUG] Imagen modificada en el editor de píxeles
[2026-01-04 03:22:17.121] [DEBUG] Imagen modificada en el editor de píxeles
[2026-01-04 03:22:17.191] [DEBUG] Imagen modificada en el editor de píxeles
[2026-01-04 03:22:17.249] [DEBUG] Imagen modificada en el editor de píxeles
[2026-01-04 03:22:17.311] [DEBUG] Imagen modificada en el editor de píxeles
[2026-01-04 03:22:17.516] [DEBUG] Imagen modificada en el editor de píxeles
[2026-01-04 03:22:17.576] [DEBUG] Imagen modificada en el editor de píxeles
[2026-01-04 03:22:17.641] [DEBUG] Imagen modificada en el editor de píxeles
[2026-01-04 03:22:17.956] [DEBUG] Imagen modificada en el editor de píxeles
[2026-01-04 03:22:18.022] [DEBUG] Imagen modificada en el editor de píxeles
[2026-01-04 03:22:18.083] [DEBUG] Imagen modificada en el editor de píxeles
[2026-01-04 03:22:18.086] [DEBUG] Imagen modificada en el editor de píxeles
[2026-01-04 03:22:18.156] [DEBUG] Imagen modificada en el editor de píxeles
[2026-01-04 03:22:18.214] [DEBUG] Imagen modificada en el editor de píxeles
[2026-01-04 03:22:18.282] [DEBUG] Imagen modificada en el editor de píxeles
[2026-01-04 03:22:18.340] [DEBUG] Imagen modificada en el editor de píxeles
[2026-01-04 03:22:18.399] [DEBUG] Imagen modificada en el editor de píxeles
[2026-01-04 03:22:18.465] [DEBUG] Imagen modificada en el editor de píxeles
[2026-01-04 03:22:18.528] [DEBUG] Imagen modificada en el editor de píxeles
[2026-01-04 03:22:18.588] [DEBUG] Imagen modificada en el editor de píxeles
[2026-01-04 03:22:18.655] [DEBUG] Imagen modificada en el editor de píxeles
[2026-01-04 03:22:18.720] [DEBUG] Imagen modificada en el editor de píxeles
[2026-01-04 03:22:18.777] [DEBUG] Imagen modificada en el editor de píxeles
[2026-01-04 03:22:18.838] [DEBUG] Imagen modificada en el editor de píxeles
[2026-01-04 03:22:18.908] [DEBUG] Imagen modificada en el editor de píxeles
[2026-01-04 03:22:18.966] [DEBUG] Imagen modificada en el editor de píxeles
[2026-01-04 03:22:19.029] [DEBUG] Imagen modificada en el editor de píxeles
[2026-01-04 03:22:19.094] [DEBUG] Imagen modificada en el editor de píxeles
[2026-01-04 03:22:19.151] [DEBUG] Imagen modificada en el editor de píxeles
[2026-01-04 03:22:19.210] [DEBUG] Imagen modificada en el editor de píxeles
[2026-01-04 03:22:19.267] [DEBUG] Imagen modificada en el editor de píxeles
[2026-01-04 03:22:19.271] [DEBUG] Imagen modificada en el editor de píxeles
[2026-01-04 03:22:19.339] [DEBUG] Imagen modificada en el editor de píxeles
[2026-01-04 03:22:19.401] [DEBUG] Imagen modificada en el editor de píxeles
[2026-01-04 03:22:19.405] [DEBUG] Imagen modificada en el editor de píxeles
[2026-01-04 03:22:19.552] [DEBUG] Imagen modificada en el editor de píxeles
[2026-01-04 03:22:19.621] [DEBUG] Imagen modificada en el editor de píxeles
[2026-01-04 03:22:19.687] [DEBUG] Imagen modificada en el editor de píxeles
[2026-01-04 03:22:19.759] [DEBUG] Imagen modificada en el editor de píxeles
[2026-01-04 03:22:20.367] [DEBUG] Imagen modificada en el editor de píxeles
[2026-01-04 03:22:20.515] [DEBUG] Imagen modificada en el editor de píxeles
[2026-01-04 03:22:20.591] [DEBUG] Imagen modificada en el editor de píxeles
[2026-01-04 03:22:20.659] [DEBUG] Imagen modificada en el editor de píxeles
[2026-01-04 03:22:20.729] [DEBUG] Imagen modificada en el editor de píxeles
[2026-01-04 03:22:20.814] [DEBUG] Imagen modificada en el editor de píxeles
[2026-01-04 03:22:24.254] [INFO] Cambios revertidos
[2026-01-04 03:22:25.078] [INFO] Cambios revertidos
[2026-01-04 03:22:25.085] [DEBUG] Imagen modificada en el editor de píxeles
[2026-01-04 03:22:25.763] [DEBUG] Imagen modificada en el editor de píxeles
[2026-01-04 03:22:25.832] [DEBUG] Imagen modificada en el editor de píxeles
[2026-01-04 03:22:25.902] [DEBUG] Imagen modificada en el editor de píxeles
[2026-01-04 03:22:25.980] [DEBUG] Imagen modificada en el editor de píxeles
[2026-01-04 03:22:26.354] [DEBUG] Imagen modificada en el editor de píxeles
[2026-01-04 03:22:26.420] [DEBUG] Imagen modificada en el editor de píxeles
[2026-01-04 03:22:26.499] [DEBUG] Imagen modificada en el editor de píxeles
[2026-01-04 03:22:26.572] [DEBUG] Imagen modificada en el editor de píxeles
[2026-01-04 03:22:26.637] [DEBUG] Imagen modificada en el editor de píxeles
[2026-01-04 03:22:26.706] [DEBUG] Imagen modificada en el editor de píxeles
[2026-01-04 03:22:26.782] [DEBUG] Imagen modificada en el editor de píxeles
[2026-01-04 03:22:26.854] [DEBUG] Imagen modificada en el editor de píxeles
[2026-01-04 03:22:26.929] [DEBUG] Imagen modificada en el editor de píxeles
[2026-01-04 03:22:27.005] [DEBUG] Imagen modificada en el editor de píxeles
[2026-01-04 03:22:27.257] [DEBUG] Imagen modificada en el editor de píxeles
[2026-01-04 03:22:27.325] [DEBUG] Imagen modificada en el editor de píxeles
[2026-01-04 03:22:27.400] [DEBUG] Imagen modificada en el editor de píxeles
[2026-01-04 03:22:27.466] [DEBUG] Imagen modificada en el editor de píxeles
[2026-01-04 03:22:27.538] [DEBUG] Imagen modificada en el editor de píxeles
[2026-01-04 03:22:27.611] [DEBUG] Imagen modificada en el editor de píxeles
[2026-01-04 03:22:27.677] [DEBUG] Imagen modificada en el editor de píxeles
[2026-01-04 03:22:27.682] [DEBUG] Imagen modificada en el editor de píxeles
[2026-01-04 03:22:27.753] [DEBUG] Imagen modificada en el editor de píxeles
[2026-01-04 03:22:27.831] [DEBUG] Imagen modificada en el editor de píxeles
[2026-01-04 03:22:27.911] [DEBUG] Imagen modificada en el editor de píxeles
[2026-01-04 03:22:27.980] [DEBUG] Imagen modificada en el editor de píxeles
[2026-01-04 03:22:28.061] [DEBUG] Imagen modificada en el editor de píxeles
[2026-01-04 03:22:28.137] [DEBUG] Imagen modificada en el editor de píxeles
[2026-01-04 03:22:28.206] [DEBUG] Imagen modificada en el editor de píxeles
[2026-01-04 03:22:28.285] [DEBUG] Imagen modificada en el editor de píxeles
[2026-01-04 03:22:28.358] [DEBUG] Imagen modificada en el editor de píxeles
[2026-01-04 03:22:32.135] [INFO] Cambios revertidos
[2026-01-04 03:22:32.855] [INFO] Cambios revertidos
[2026-01-04 03:22:38.059] [INFO] Cambios de píxeles deshechos
[2026-01-04 03:22:46.500] [DEBUG] Imagen modificada en el editor de píxeles
[2026-01-04 03:22:46.546] [DEBUG] Imagen modificada en el editor de píxeles
[2026-01-04 03:22:46.585] [DEBUG] Imagen modificada en el editor de píxeles
[2026-01-04 03:22:46.622] [DEBUG] Imagen modificada en el editor de píxeles
[2026-01-04 03:22:46.668] [DEBUG] Imagen modificada en el editor de píxeles
[2026-01-04 03:22:46.704] [DEBUG] Imagen modificada en el editor de píxeles
[2026-01-04 03:22:49.950] [DEBUG] Imagen modificada en el editor de píxeles
[2026-01-04 03:22:54.356] [INFO] Cambios de píxeles deshechos
[2026-01-04 03:22:57.748] [DEBUG] Imagen modificada en el editor de píxeles
[2026-01-04 03:22:57.864] [DEBUG] Imagen modificada en el editor de píxeles
[2026-01-04 03:22:58.541] [DEBUG] Imagen modificada en el editor de píxeles
[2026-01-04 03:22:58.556] [DEBUG] Imagen modificada en el editor de píxeles
[2026-01-04 03:22:58.563] [DEBUG] Imagen modificada en el editor de píxeles
[2026-01-04 03:22:58.572] [DEBUG] Imagen modificada en el editor de píxeles
[2026-01-04 03:22:58.708] [DEBUG] Imagen modificada en el editor de píxeles
[2026-01-04 03:22:58.825] [DEBUG] Imagen modificada en el editor de píxeles
[2026-01-04 03:22:58.936] [DEBUG] Imagen modificada en el editor de píxeles
[2026-01-04 03:22:58.939] [DEBUG] Imagen modificada en el editor de píxeles
[2026-01-04 03:22:59.066] [DEBUG] Imagen modificada en el editor de píxeles
[2026-01-04 03:22:59.073] [DEBUG] Imagen modificada en el editor de píxeles
[2026-01-04 03:22:59.181] [DEBUG] Imagen modificada en el editor de píxeles
[2026-01-04 03:22:59.299] [DEBUG] Imagen modificada en el editor de píxeles
[2026-01-04 03:22:59.421] [DEBUG] Imagen modificada en el editor de píxeles
[2026-01-04 03:23:00.095] [DEBUG] Imagen modificada en el editor de píxeles
[2026-01-04 03:23:00.110] [DEBUG] Imagen modificada en el editor de píxeles
[2026-01-04 03:23:00.131] [DEBUG] Imagen modificada en el editor de píxeles
[2026-01-04 03:23:00.145] [DEBUG] Imagen modificada en el editor de píxeles
[2026-01-04 03:23:00.150] [DEBUG] Imagen modificada en el editor de píxeles
[2026-01-04 03:23:00.264] [DEBUG] Imagen modificada en el editor de píxeles
[2026-01-04 03:23:00.385] [DEBUG] Imagen modificada en el editor de píxeles
[2026-01-04 03:23:00.505] [DEBUG] Imagen modificada en el editor de píxeles
[2026-01-04 03:23:00.527] [DEBUG] Imagen modificada en el editor de píxeles
[2026-01-04 03:23:00.548] [DEBUG] Imagen modificada en el editor de píxeles
[2026-01-04 03:23:00.576] [DEBUG] Imagen modificada en el editor de píxeles
[2026-01-04 03:23:00.755] [DEBUG] Imagen modificada en el editor de píxeles
[2026-01-04 03:23:00.875] [DEBUG] Imagen modificada en el editor de píxeles
[2026-01-04 03:23:01.034] [DEBUG] Imagen modificada en el editor de píxeles
[2026-01-04 03:23:01.053] [DEBUG] Imagen modificada en el editor de píxeles
[2026-01-04 03:23:01.257] [DEBUG] Imagen modificada en el editor de píxeles
[2026-01-04 03:23:01.276] [DEBUG] Imagen modificada en el editor de píxeles
[2026-01-04 03:23:01.402] [DEBUG] Imagen modificada en el editor de píxeles
[2026-01-04 03:23:01.597] [DEBUG] Imagen modificada en el editor de píxeles
[2026-01-04 03:23:01.698] [DEBUG] Imagen modificada en el editor de píxeles
[2026-01-04 03:23:01.821] [DEBUG] Imagen modificada en el editor de píxeles
[2026-01-04 03:23:01.865] [DEBUG] Imagen modificada en el editor de píxeles
[2026-01-04 03:23:02.061] [DEBUG] Imagen modificada en el editor de píxeles
[2026-01-04 03:23:02.085] [DEBUG] Imagen modificada en el editor de píxeles
[2026-01-04 03:23:02.106] [DEBUG] Imagen modificada en el editor de píxeles
[2026-01-04 03:23:02.234] [DEBUG] Imagen modificada en el editor de píxeles
[2026-01-04 03:23:02.387] [DEBUG] Imagen modificada en el editor de píxeles
[2026-01-04 03:23:02.591] [DEBUG] Imagen modificada en el editor de píxeles
[2026-01-04 03:23:02.711] [DEBUG] Imagen modificada en el editor de píxeles
[2026-01-04 03:23:02.986] [DEBUG] Imagen modificada en el editor de píxeles
[2026-01-04 03:23:03.035] [DEBUG] Imagen modificada en el editor de píxeles
[2026-01-04 03:23:03.058] [DEBUG] Imagen modificada en el editor de píxeles
[2026-01-04 03:23:03.280] [DEBUG] Imagen modificada en el editor de píxeles
[2026-01-04 03:23:03.398] [DEBUG] Imagen modificada en el editor de píxeles
[2026-01-04 03:23:03.422] [DEBUG] Imagen modificada en el editor de píxeles
[2026-01-04 03:23:03.425] [DEBUG] Imagen modificada en el editor de píxeles
[2026-01-04 03:23:03.465] [DEBUG] Imagen modificada en el editor de píxeles
[2026-01-04 03:23:03.597] [DEBUG] Imagen modificada en el editor de píxeles
[2026-01-04 03:23:03.632] [DEBUG] Imagen modificada en el editor de píxeles
[2026-01-04 03:23:03.661] [DEBUG] Imagen modificada en el editor de píxeles
[2026-01-04 03:23:03.688] [DEBUG] Imagen modificada en el editor de píxeles
[2026-01-04 03:23:03.715] [DEBUG] Imagen modificada en el editor de píxeles
[2026-01-04 03:23:03.747] [DEBUG] Imagen modificada en el editor de píxeles
[2026-01-04 03:23:03.774] [DEBUG] Imagen modificada en el editor de píxeles
[2026-01-04 03:23:03.926] [DEBUG] Imagen modificada en el editor de píxeles
[2026-01-04 03:23:03.971] [DEBUG] Imagen modificada en el editor de píxeles
[2026-01-04 03:23:04.021] [DEBUG] Imagen modificada en el editor de píxeles
[2026-01-04 03:23:04.208] [DEBUG] Imagen modificada en el editor de píxeles
[2026-01-04 03:23:04.343] [DEBUG] Imagen modificada en el editor de píxeles
[2026-01-04 03:23:04.477] [DEBUG] Imagen modificada en el editor de píxeles
[2026-01-04 03:23:04.529] [DEBUG] Imagen modificada en el editor de píxeles
[2026-01-04 03:23:04.760] [DEBUG] Imagen modificada en el editor de píxeles
[2026-01-04 03:23:04.761] [DEBUG] Imagen modificada en el editor de píxeles
[2026-01-04 03:23:04.796] [DEBUG] Imagen modificada en el editor de píxeles
[2026-01-04 03:23:04.825] [DEBUG] Imagen modificada en el editor de píxeles
[2026-01-04 03:23:05.046] [DEBUG] Imagen modificada en el editor de píxeles
[2026-01-04 03:23:05.369] [DEBUG] Imagen modificada en el editor de píxeles
[2026-01-04 03:23:05.408] [DEBUG] Imagen modificada en el editor de píxeles
[2026-01-04 03:23:05.600] [DEBUG] Imagen modificada en el editor de píxeles
[2026-01-04 03:23:05.601] [DEBUG] Imagen modificada en el editor de píxeles
[2026-01-04 03:23:05.702] [DEBUG] Imagen modificada en el editor de píxeles
[2026-01-04 03:23:05.830] [DEBUG] Imagen modificada en el editor de píxeles
[2026-01-04 03:23:05.956] [DEBUG] Imagen modificada en el editor de píxeles
[2026-01-04 03:23:05.989] [DEBUG] Imagen modificada en el editor de píxeles
[2026-01-04 03:23:06.035] [DEBUG] Imagen modificada en el editor de píxeles
[2026-01-04 03:23:06.064] [DEBUG] Imagen modificada en el editor de píxeles
[2026-01-04 03:23:06.108] [DEBUG] Imagen modificada en el editor de píxeles
[2026-01-04 03:23:06.147] [DEBUG] Imagen modificada en el editor de píxeles
[2026-01-04 03:23:06.187] [DEBUG] Imagen modificada en el editor de píxeles
[2026-01-04 03:23:06.217] [DEBUG] Imagen modificada en el editor de píxeles
[2026-01-04 03:23:06.221] [DEBUG] Imagen modificada en el editor de píxeles
[2026-01-04 03:23:06.351] [DEBUG] Imagen modificada en el editor de píxeles
[2026-01-04 03:23:06.384] [DEBUG] Imagen modificada en el editor de píxeles
[2026-01-04 03:23:06.415] [DEBUG] Imagen modificada en el editor de píxeles
[2026-01-04 03:23:06.457] [DEBUG] Imagen modificada en el editor de píxeles
[2026-01-04 03:23:06.494] [DEBUG] Imagen modificada en el editor de píxeles
[2026-01-04 03:23:06.532] [DEBUG] Imagen modificada en el editor de píxeles
[2026-01-04 03:23:06.565] [DEBUG] Imagen modificada en el editor de píxeles
[2026-01-04 03:23:06.600] [DEBUG] Imagen modificada en el editor de píxeles
[2026-01-04 03:23:06.608] [DEBUG] Imagen modificada en el editor de píxeles
[2026-01-04 03:23:06.658] [DEBUG] Imagen modificada en el editor de píxeles
[2026-01-04 03:23:06.697] [DEBUG] Imagen modificada en el editor de píxeles
[2026-01-04 03:23:06.737] [DEBUG] Imagen modificada en el editor de píxeles
[2026-01-04 03:23:06.782] [DEBUG] Imagen modificada en el editor de píxeles
[2026-01-04 03:23:06.820] [DEBUG] Imagen modificada en el editor de píxeles
[2026-01-04 03:23:06.821] [DEBUG] Imagen modificada en el editor de píxeles
[2026-01-04 03:23:06.951] [DEBUG] Imagen modificada en el editor de píxeles
[2026-01-04 03:23:06.996] [DEBUG] Imagen modificada en el editor de píxeles
[2026-01-04 03:23:07.035] [DEBUG] Imagen modificada en el editor de píxeles
[2026-01-04 03:23:07.081] [DEBUG] Imagen modificada en el editor de píxeles
[2026-01-04 03:23:07.120] [DEBUG] Imagen modificada en el editor de píxeles
[2026-01-04 03:23:07.162] [DEBUG] Imagen modificada en el editor de píxeles
[2026-01-04 03:23:07.208] [DEBUG] Imagen modificada en el editor de píxeles
[2026-01-04 03:23:07.247] [DEBUG] Imagen modificada en el editor de píxeles
[2026-01-04 03:23:07.293] [DEBUG] Imagen modificada en el editor de píxeles
[2026-01-04 03:23:07.333] [DEBUG] Imagen modificada en el editor de píxeles
[2026-01-04 03:23:07.372] [DEBUG] Imagen modificada en el editor de píxeles
[2026-01-04 03:23:07.416] [DEBUG] Imagen modificada en el editor de píxeles
[2026-01-04 03:23:07.454] [DEBUG] Imagen modificada en el editor de píxeles
[2026-01-04 03:23:07.503] [DEBUG] Imagen modificada en el editor de píxeles
[2026-01-04 03:23:07.541] [DEBUG] Imagen modificada en el editor de píxeles
[2026-01-04 03:23:07.580] [DEBUG] Imagen modificada en el editor de píxeles
[2026-01-04 03:23:07.621] [DEBUG] Imagen modificada en el editor de píxeles
[2026-01-04 03:23:07.659] [DEBUG] Imagen modificada en el editor de píxeles
[2026-01-04 03:23:07.708] [DEBUG] Imagen modificada en el editor de píxeles
[2026-01-04 03:23:07.747] [DEBUG] Imagen modificada en el editor de píxeles
[2026-01-04 03:23:07.786] [DEBUG] Imagen modificada en el editor de píxeles
[2026-01-04 03:23:07.826] [DEBUG] Imagen modificada en el editor de píxeles
[2026-01-04 03:23:07.827] [DEBUG] Imagen modificada en el editor de píxeles
[2026-01-04 03:23:07.958] [DEBUG] Imagen modificada en el editor de píxeles
[2026-01-04 03:23:08.001] [DEBUG] Imagen modificada en el editor de píxeles
[2026-01-04 03:23:08.048] [DEBUG] Imagen modificada en el editor de píxeles
[2026-01-04 03:23:08.088] [DEBUG] Imagen modificada en el editor de píxeles
[2026-01-04 03:23:08.135] [DEBUG] Imagen modificada en el editor de píxeles
[2026-01-04 03:23:08.346] [DEBUG] Imagen modificada en el editor de píxeles
[2026-01-04 03:23:08.390] [DEBUG] Imagen modificada en el editor de píxeles
[2026-01-04 03:23:08.436] [DEBUG] Imagen modificada en el editor de píxeles
[2026-01-04 03:23:08.476] [DEBUG] Imagen modificada en el editor de píxeles
[2026-01-04 03:23:08.523] [DEBUG] Imagen modificada en el editor de píxeles
[2026-01-04 03:23:08.566] [DEBUG] Imagen modificada en el editor de píxeles
[2026-01-04 03:23:08.608] [DEBUG] Imagen modificada en el editor de píxeles
[2026-01-04 03:23:08.649] [DEBUG] Imagen modificada en el editor de píxeles
[2026-01-04 03:23:08.690] [DEBUG] Imagen modificada en el editor de píxeles
[2026-01-04 03:23:08.828] [DEBUG] Imagen modificada en el editor de píxeles
[2026-01-04 03:23:08.870] [DEBUG] Imagen modificada en el editor de píxeles
[2026-01-04 03:23:09.054] [DEBUG] Imagen modificada en el editor de píxeles
[2026-01-04 03:23:09.108] [DEBUG] Imagen modificada en el editor de píxeles
[2026-01-04 03:23:09.174] [DEBUG] Imagen modificada en el editor de píxeles
[2026-01-04 03:23:09.227] [DEBUG] Imagen modificada en el editor de píxeles
[2026-01-04 03:23:09.284] [DEBUG] Imagen modificada en el editor de píxeles
[2026-01-04 03:23:09.336] [DEBUG] Imagen modificada en el editor de píxeles
[2026-01-04 03:23:09.396] [DEBUG] Imagen modificada en el editor de píxeles
[2026-01-04 03:23:09.397] [DEBUG] Imagen modificada en el editor de píxeles
[2026-01-04 03:23:09.530] [DEBUG] Imagen modificada en el editor de píxeles
[2026-01-04 03:23:09.594] [DEBUG] Imagen modificada en el editor de píxeles
[2026-01-04 03:23:10.087] [DEBUG] Imagen modificada en el editor de píxeles
[2026-01-04 03:23:10.143] [DEBUG] Imagen modificada en el editor de píxeles
[2026-01-04 03:23:10.205] [DEBUG] Imagen modificada en el editor de píxeles
[2026-01-04 03:23:10.265] [DEBUG] Imagen modificada en el editor de píxeles
[2026-01-04 03:23:10.325] [DEBUG] Imagen modificada en el editor de píxeles
[2026-01-04 03:23:10.460] [DEBUG] Imagen modificada en el editor de píxeles
[2026-01-04 03:23:10.513] [DEBUG] Imagen modificada en el editor de píxeles
[2026-01-04 03:23:10.568] [DEBUG] Imagen modificada en el editor de píxeles
[2026-01-04 03:23:10.629] [DEBUG] Imagen modificada en el editor de píxeles
[2026-01-04 03:23:10.632] [DEBUG] Imagen modificada en el editor de píxeles
[2026-01-04 03:23:10.937] [DEBUG] Imagen modificada en el editor de píxeles
[2026-01-04 03:23:10.992] [DEBUG] Imagen modificada en el editor de píxeles
[2026-01-04 03:23:11.180] [DEBUG] Imagen modificada en el editor de píxeles
[2026-01-04 03:23:11.235] [DEBUG] Imagen modificada en el editor de píxeles
[2026-01-04 03:23:11.294] [DEBUG] Imagen modificada en el editor de píxeles
[2026-01-04 03:23:11.347] [DEBUG] Imagen modificada en el editor de píxeles
[2026-01-04 03:23:11.613] [DEBUG] Imagen modificada en el editor de píxeles
[2026-01-04 03:23:11.761] [DEBUG] Imagen modificada en el editor de píxeles
[2026-01-04 03:23:11.817] [DEBUG] Imagen modificada en el editor de píxeles
[2026-01-04 03:23:11.879] [DEBUG] Imagen modificada en el editor de píxeles
[2026-01-04 03:23:11.939] [DEBUG] Imagen modificada en el editor de píxeles
[2026-01-04 03:23:11.992] [DEBUG] Imagen modificada en el editor de píxeles
[2026-01-04 03:23:12.051] [DEBUG] Imagen modificada en el editor de píxeles
[2026-01-04 03:23:12.105] [DEBUG] Imagen modificada en el editor de píxeles
[2026-01-04 03:23:12.106] [DEBUG] Imagen modificada en el editor de píxeles
[2026-01-04 03:23:12.261] [DEBUG] Imagen modificada en el editor de píxeles
[2026-01-04 03:23:12.316] [DEBUG] Imagen modificada en el editor de píxeles
[2026-01-04 03:23:12.460] [DEBUG] Imagen modificada en el editor de píxeles
[2026-01-04 03:23:12.600] [DEBUG] Imagen modificada en el editor de píxeles
[2026-01-04 03:23:12.601] [DEBUG] Imagen modificada en el editor de píxeles
[2026-01-04 03:23:12.807] [DEBUG] Imagen modificada en el editor de píxeles
[2026-01-04 03:23:12.939] [DEBUG] Imagen modificada en el editor de píxeles
[2026-01-04 03:23:13.000] [DEBUG] Imagen modificada en el editor de píxeles
[2026-01-04 03:23:13.060] [DEBUG] Imagen modificada en el editor de píxeles
[2026-01-04 03:23:13.121] [DEBUG] Imagen modificada en el editor de píxeles
[2026-01-04 03:23:13.183] [DEBUG] Imagen modificada en el editor de píxeles
[2026-01-04 03:23:13.242] [DEBUG] Imagen modificada en el editor de píxeles
[2026-01-04 03:23:13.670] [DEBUG] Imagen modificada en el editor de píxeles
[2026-01-04 03:23:13.671] [DEBUG] Imagen modificada en el editor de píxeles
[2026-01-04 03:23:14.039] [DEBUG] Imagen modificada en el editor de píxeles
[2026-01-04 03:23:14.100] [DEBUG] Imagen modificada en el editor de píxeles
[2026-01-04 03:23:14.160] [DEBUG] Imagen modificada en el editor de píxeles
[2026-01-04 03:23:14.451] [DEBUG] Imagen modificada en el editor de píxeles
[2026-01-04 03:23:14.510] [DEBUG] Imagen modificada en el editor de píxeles
[2026-01-04 03:23:14.573] [DEBUG] Imagen modificada en el editor de píxeles
[2026-01-04 03:23:15.744] [DEBUG] Imagen modificada en el editor de píxeles
[2026-01-04 03:23:15.800] [DEBUG] Imagen modificada en el editor de píxeles
[2026-01-04 03:23:15.938] [DEBUG] Imagen modificada en el editor de píxeles
[2026-01-04 03:23:15.995] [DEBUG] Imagen modificada en el editor de píxeles
[2026-01-04 03:23:16.056] [DEBUG] Imagen modificada en el editor de píxeles
[2026-01-04 03:23:16.126] [DEBUG] Imagen modificada en el editor de píxeles
[2026-01-04 03:23:16.182] [DEBUG] Imagen modificada en el editor de píxeles
[2026-01-04 03:23:16.241] [DEBUG] Imagen modificada en el editor de píxeles
[2026-01-04 03:23:16.296] [DEBUG] Imagen modificada en el editor de píxeles
[2026-01-04 03:23:16.442] [DEBUG] Imagen modificada en el editor de píxeles
[2026-01-04 03:23:16.503] [DEBUG] Imagen modificada en el editor de píxeles
[2026-01-04 03:23:16.572] [DEBUG] Imagen modificada en el editor de píxeles
[2026-01-04 03:23:16.626] [DEBUG] Imagen modificada en el editor de píxeles
[2026-01-04 03:23:16.683] [DEBUG] Imagen modificada en el editor de píxeles
[2026-01-04 03:23:16.737] [DEBUG] Imagen modificada en el editor de píxeles
[2026-01-04 03:23:16.799] [DEBUG] Imagen modificada en el editor de píxeles
[2026-01-04 03:23:16.853] [DEBUG] Imagen modificada en el editor de píxeles
[2026-01-04 03:23:16.913] [DEBUG] Imagen modificada en el editor de píxeles
[2026-01-04 03:23:16.967] [DEBUG] Imagen modificada en el editor de píxeles
[2026-01-04 03:23:17.032] [DEBUG] Imagen modificada en el editor de píxeles
[2026-01-04 03:23:17.100] [DEBUG] Imagen modificada en el editor de píxeles
[2026-01-04 03:23:17.154] [DEBUG] Imagen modificada en el editor de píxeles
[2026-01-04 03:23:17.218] [DEBUG] Imagen modificada en el editor de píxeles
[2026-01-04 03:23:17.322] [DEBUG] Imagen modificada en el editor de píxeles
[2026-01-04 03:23:17.330] [DEBUG] Imagen modificada en el editor de píxeles
[2026-01-04 03:23:17.404] [DEBUG] Imagen modificada en el editor de píxeles
[2026-01-04 03:23:17.466] [DEBUG] Imagen modificada en el editor de píxeles
[2026-01-04 03:23:17.524] [DEBUG] Imagen modificada en el editor de píxeles
[2026-01-04 03:23:17.607] [DEBUG] Imagen modificada en el editor de píxeles
[2026-01-04 03:23:17.704] [DEBUG] Imagen modificada en el editor de píxeles
[2026-01-04 03:23:17.771] [DEBUG] Imagen modificada en el editor de píxeles
[2026-01-04 03:23:17.840] [DEBUG] Imagen modificada en el editor de píxeles
[2026-01-04 03:23:17.995] [DEBUG] Imagen modificada en el editor de píxeles
[2026-01-04 03:23:18.103] [DEBUG] Imagen modificada en el editor de píxeles
[2026-01-04 03:23:18.172] [DEBUG] Imagen modificada en el editor de píxeles
[2026-01-04 03:23:18.474] [DEBUG] Imagen modificada en el editor de píxeles
[2026-01-04 03:23:18.578] [DEBUG] Imagen modificada en el editor de píxeles
[2026-01-04 03:23:19.109] [DEBUG] Imagen modificada en el editor de píxeles
[2026-01-04 03:23:19.177] [DEBUG] Imagen modificada en el editor de píxeles
[2026-01-04 03:23:19.287] [DEBUG] Imagen modificada en el editor de píxeles
[2026-01-04 03:23:19.351] [DEBUG] Imagen modificada en el editor de píxeles
[2026-01-04 03:23:19.410] [DEBUG] Imagen modificada en el editor de píxeles
[2026-01-04 03:23:19.475] [DEBUG] Imagen modificada en el editor de píxeles
[2026-01-04 03:23:19.550] [DEBUG] Imagen modificada en el editor de píxeles
[2026-01-04 03:23:19.636] [DEBUG] Imagen modificada en el editor de píxeles
[2026-01-04 03:23:19.696] [DEBUG] Imagen modificada en el editor de píxeles
[2026-01-04 03:23:19.761] [DEBUG] Imagen modificada en el editor de píxeles
[2026-01-04 03:23:19.822] [DEBUG] Imagen modificada en el editor de píxeles
[2026-01-04 03:23:19.892] [DEBUG] Imagen modificada en el editor de píxeles
[2026-01-04 03:23:19.991] [DEBUG] Imagen modificada en el editor de píxeles
[2026-01-04 03:23:20.067] [DEBUG] Imagen modificada en el editor de píxeles
[2026-01-04 03:23:20.131] [DEBUG] Imagen modificada en el editor de píxeles
[2026-01-04 03:23:20.133] [DEBUG] Imagen modificada en el editor de píxeles
[2026-01-04 03:23:20.278] [DEBUG] Imagen modificada en el editor de píxeles
[2026-01-04 03:23:20.340] [DEBUG] Imagen modificada en el editor de píxeles
[2026-01-04 03:23:20.546] [DEBUG] Imagen modificada en el editor de píxeles
[2026-01-04 03:23:20.624] [DEBUG] Imagen modificada en el editor de píxeles
[2026-01-04 03:23:20.683] [DEBUG] Imagen modificada en el editor de píxeles
[2026-01-04 03:23:20.822] [DEBUG] Imagen modificada en el editor de píxeles
[2026-01-04 03:23:20.880] [DEBUG] Imagen modificada en el editor de píxeles
[2026-01-04 03:23:21.020] [DEBUG] Imagen modificada en el editor de píxeles
[2026-01-04 03:23:21.110] [DEBUG] Imagen modificada en el editor de píxeles
[2026-01-04 03:23:21.289] [DEBUG] Imagen modificada en el editor de píxeles
[2026-01-04 03:23:21.673] [DEBUG] Imagen modificada en el editor de píxeles
[2026-01-04 03:23:21.730] [DEBUG] Imagen modificada en el editor de píxeles
[2026-01-04 03:23:22.201] [DEBUG] Imagen modificada en el editor de píxeles
[2026-01-04 03:23:22.202] [DEBUG] Imagen modificada en el editor de píxeles
[2026-01-04 03:23:22.469] [DEBUG] Imagen modificada en el editor de píxeles
[2026-01-04 03:23:22.470] [DEBUG] Imagen modificada en el editor de píxeles
[2026-01-04 03:23:22.855] [DEBUG] Imagen modificada en el editor de píxeles
[2026-01-04 03:23:22.856] [DEBUG] Imagen modificada en el editor de píxeles
[2026-01-04 03:23:23.662] [DEBUG] Imagen modificada en el editor de píxeles
[2026-01-04 03:23:23.756] [DEBUG] Imagen modificada en el editor de píxeles
[2026-01-04 03:23:23.829] [DEBUG] Imagen modificada en el editor de píxeles
[2026-01-04 03:23:23.988] [DEBUG] Imagen modificada en el editor de píxeles
[2026-01-04 03:23:24.052] [DEBUG] Imagen modificada en el editor de píxeles
[2026-01-04 03:23:24.120] [DEBUG] Imagen modificada en el editor de píxeles
[2026-01-04 03:23:24.177] [DEBUG] Imagen modificada en el editor de píxeles
[2026-01-04 03:23:24.239] [DEBUG] Imagen modificada en el editor de píxeles
[2026-01-04 03:23:24.308] [DEBUG] Imagen modificada en el editor de píxeles
[2026-01-04 03:23:24.366] [DEBUG] Imagen modificada en el editor de píxeles
[2026-01-04 03:23:24.625] [DEBUG] Imagen modificada en el editor de píxeles
[2026-01-04 03:23:24.626] [DEBUG] Imagen modificada en el editor de píxeles
[2026-01-04 03:23:24.906] [DEBUG] Imagen modificada en el editor de píxeles
[2026-01-04 03:23:24.968] [DEBUG] Imagen modificada en el editor de píxeles
[2026-01-04 03:23:25.028] [DEBUG] Imagen modificada en el editor de píxeles
[2026-01-04 03:23:25.174] [DEBUG] Imagen modificada en el editor de píxeles
[2026-01-04 03:23:25.175] [DEBUG] Imagen modificada en el editor de píxeles
[2026-01-04 03:23:25.556] [DEBUG] Imagen modificada en el editor de píxeles
[2026-01-04 03:23:25.633] [DEBUG] Imagen modificada en el editor de píxeles
[2026-01-04 03:23:25.783] [DEBUG] Imagen modificada en el editor de píxeles
[2026-01-04 03:23:25.854] [DEBUG] Imagen modificada en el editor de píxeles
[2026-01-04 03:23:26.002] [DEBUG] Imagen modificada en el editor de píxeles
[2026-01-04 03:23:26.003] [DEBUG] Imagen modificada en el editor de píxeles
[2026-01-04 03:23:26.315] [DEBUG] Imagen modificada en el editor de píxeles
[2026-01-04 03:23:26.376] [DEBUG] Imagen modificada en el editor de píxeles
[2026-01-04 03:23:27.577] [DEBUG] Imagen modificada en el editor de píxeles
[2026-01-04 03:23:27.638] [DEBUG] Imagen modificada en el editor de píxeles
[2026-01-04 03:23:27.985] [DEBUG] Imagen modificada en el editor de píxeles
[2026-01-04 03:23:28.050] [DEBUG] Imagen modificada en el editor de píxeles
[2026-01-04 03:23:28.330] [DEBUG] Imagen modificada en el editor de píxeles
[2026-01-04 03:23:28.388] [DEBUG] Imagen modificada en el editor de píxeles
[2026-01-04 03:23:28.685] [DEBUG] Imagen modificada en el editor de píxeles
[2026-01-04 03:23:28.754] [DEBUG] Imagen modificada en el editor de píxeles
[2026-01-04 03:23:29.009] [DEBUG] Imagen modificada en el editor de píxeles
[2026-01-04 03:23:29.075] [DEBUG] Imagen modificada en el editor de píxeles
[2026-01-04 03:23:29.374] [DEBUG] Imagen modificada en el editor de píxeles
[2026-01-04 03:23:29.433] [DEBUG] Imagen modificada en el editor de píxeles
[2026-01-04 03:23:29.711] [DEBUG] Imagen modificada en el editor de píxeles
[2026-01-04 03:23:29.784] [DEBUG] Imagen modificada en el editor de píxeles
[2026-01-04 03:23:29.980] [DEBUG] Imagen modificada en el editor de píxeles
[2026-01-04 03:23:30.043] [DEBUG] Imagen modificada en el editor de píxeles
[2026-01-04 03:23:30.107] [DEBUG] Imagen modificada en el editor de píxeles
[2026-01-04 03:23:30.237] [DEBUG] Imagen modificada en el editor de píxeles
[2026-01-04 03:23:30.420] [DEBUG] Imagen modificada en el editor de píxeles
[2026-01-04 03:23:30.603] [DEBUG] Imagen modificada en el editor de píxeles
[2026-01-04 03:23:30.605] [DEBUG] Imagen modificada en el editor de píxeles
[2026-01-04 03:23:30.757] [DEBUG] Imagen modificada en el editor de píxeles
[2026-01-04 03:23:30.828] [DEBUG] Imagen modificada en el editor de píxeles
[2026-01-04 03:23:30.886] [DEBUG] Imagen modificada en el editor de píxeles
[2026-01-04 03:23:31.043] [DEBUG] Imagen modificada en el editor de píxeles
[2026-01-04 03:23:31.109] [DEBUG] Imagen modificada en el editor de píxeles
[2026-01-04 03:23:31.179] [DEBUG] Imagen modificada en el editor de píxeles
[2026-01-04 03:23:31.267] [DEBUG] Imagen modificada en el editor de píxeles
[2026-01-04 03:23:31.916] [DEBUG] Imagen modificada en el editor de píxeles
[2026-01-04 03:23:31.984] [DEBUG] Imagen modificada en el editor de píxeles
[2026-01-04 03:23:32.151] [DEBUG] Imagen modificada en el editor de píxeles
[2026-01-04 03:23:32.217] [DEBUG] Imagen modificada en el editor de píxeles
[2026-01-04 03:23:32.276] [DEBUG] Imagen modificada en el editor de píxeles
[2026-01-04 03:23:32.424] [DEBUG] Imagen modificada en el editor de píxeles
[2026-01-04 03:23:32.488] [DEBUG] Imagen modificada en el editor de píxeles
[2026-01-04 03:23:32.737] [DEBUG] Imagen modificada en el editor de píxeles
[2026-01-04 03:23:32.811] [DEBUG] Imagen modificada en el editor de píxeles
[2026-01-04 03:23:32.873] [DEBUG] Imagen modificada en el editor de píxeles
[2026-01-04 03:23:33.014] [DEBUG] Imagen modificada en el editor de píxeles
[2026-01-04 03:23:33.075] [DEBUG] Imagen modificada en el editor de píxeles
[2026-01-04 03:23:33.137] [DEBUG] Imagen modificada en el editor de píxeles
[2026-01-04 03:23:33.336] [DEBUG] Imagen modificada en el editor de píxeles
[2026-01-04 03:23:33.477] [DEBUG] Imagen modificada en el editor de píxeles
[2026-01-04 03:23:33.478] [DEBUG] Imagen modificada en el editor de píxeles
[2026-01-04 03:23:33.787] [DEBUG] Imagen modificada en el editor de píxeles
[2026-01-04 03:23:33.859] [DEBUG] Imagen modificada en el editor de píxeles
[2026-01-04 03:23:34.119] [DEBUG] Imagen modificada en el editor de píxeles
[2026-01-04 03:23:34.183] [DEBUG] Imagen modificada en el editor de píxeles
[2026-01-04 03:23:34.331] [DEBUG] Imagen modificada en el editor de píxeles
[2026-01-04 03:23:34.402] [DEBUG] Imagen modificada en el editor de píxeles
[2026-01-04 03:23:34.472] [DEBUG] Imagen modificada en el editor de píxeles
[2026-01-04 03:23:34.535] [DEBUG] Imagen modificada en el editor de píxeles
[2026-01-04 03:23:34.596] [DEBUG] Imagen modificada en el editor de píxeles
[2026-01-04 03:23:34.664] [DEBUG] Imagen modificada en el editor de píxeles
[2026-01-04 03:23:34.726] [DEBUG] Imagen modificada en el editor de píxeles
[2026-01-04 03:23:34.729] [DEBUG] Imagen modificada en el editor de píxeles
[2026-01-04 03:23:34.801] [DEBUG] Imagen modificada en el editor de píxeles
[2026-01-04 03:23:34.874] [DEBUG] Imagen modificada en el editor de píxeles
[2026-01-04 03:23:34.937] [DEBUG] Imagen modificada en el editor de píxeles
[2026-01-04 03:23:35.006] [DEBUG] Imagen modificada en el editor de píxeles
[2026-01-04 03:23:35.009] [DEBUG] Imagen modificada en el editor de píxeles
[2026-01-04 03:23:35.095] [DEBUG] Imagen modificada en el editor de píxeles
[2026-01-04 03:23:35.164] [DEBUG] Imagen modificada en el editor de píxeles
[2026-01-04 03:23:35.237] [DEBUG] Imagen modificada en el editor de píxeles
[2026-01-04 03:23:35.315] [DEBUG] Imagen modificada en el editor de píxeles
[2026-01-04 03:23:35.386] [DEBUG] Imagen modificada en el editor de píxeles
[2026-01-04 03:23:35.458] [DEBUG] Imagen modificada en el editor de píxeles
[2026-01-04 03:23:35.540] [DEBUG] Imagen modificada en el editor de píxeles
[2026-01-04 03:23:35.610] [DEBUG] Imagen modificada en el editor de píxeles
[2026-01-04 03:23:35.811] [DEBUG] Imagen modificada en el editor de píxeles
[2026-01-04 03:23:36.349] [DEBUG] Imagen modificada en el editor de píxeles
[2026-01-04 03:23:36.415] [DEBUG] Imagen modificada en el editor de píxeles
[2026-01-04 03:23:36.483] [DEBUG] Imagen modificada en el editor de píxeles
[2026-01-04 03:23:36.559] [DEBUG] Imagen modificada en el editor de píxeles
[2026-01-04 03:23:36.625] [DEBUG] Imagen modificada en el editor de píxeles
[2026-01-04 03:23:36.627] [DEBUG] Imagen modificada en el editor de píxeles
[2026-01-04 03:23:36.786] [DEBUG] Imagen modificada en el editor de píxeles
[2026-01-04 03:23:36.855] [DEBUG] Imagen modificada en el editor de píxeles
[2026-01-04 03:23:36.926] [DEBUG] Imagen modificada en el editor de píxeles
[2026-01-04 03:23:37.001] [DEBUG] Imagen modificada en el editor de píxeles
[2026-01-04 03:23:37.181] [DEBUG] Imagen modificada en el editor de píxeles
[2026-01-04 03:23:37.256] [DEBUG] Imagen modificada en el editor de píxeles
[2026-01-04 03:23:37.326] [DEBUG] Imagen modificada en el editor de píxeles
[2026-01-04 03:23:37.400] [DEBUG] Imagen modificada en el editor de píxeles
[2026-01-04 03:23:37.553] [DEBUG] Imagen modificada en el editor de píxeles
[2026-01-04 03:23:37.628] [DEBUG] Imagen modificada en el editor de píxeles
[2026-01-04 03:23:37.631] [DEBUG] Imagen modificada en el editor de píxeles
[2026-01-04 03:23:37.774] [DEBUG] Imagen modificada en el editor de píxeles
[2026-01-04 03:23:38.118] [DEBUG] Imagen modificada en el editor de píxeles
[2026-01-04 03:23:38.196] [DEBUG] Imagen modificada en el editor de píxeles
[2026-01-04 03:23:38.276] [DEBUG] Imagen modificada en el editor de píxeles
[2026-01-04 03:23:38.349] [DEBUG] Imagen modificada en el editor de píxeles
[2026-01-04 03:23:38.420] [DEBUG] Imagen modificada en el editor de píxeles
[2026-01-04 03:23:38.422] [DEBUG] Imagen modificada en el editor de píxeles
[2026-01-04 03:23:38.570] [DEBUG] Imagen modificada en el editor de píxeles
[2026-01-04 03:23:38.641] [DEBUG] Imagen modificada en el editor de píxeles
[2026-01-04 03:23:38.712] [DEBUG] Imagen modificada en el editor de píxeles
[2026-01-04 03:23:38.713] [DEBUG] Imagen modificada en el editor de píxeles
[2026-01-04 03:23:38.972] [DEBUG] Imagen modificada en el editor de píxeles
[2026-01-04 03:23:39.044] [DEBUG] Imagen modificada en el editor de píxeles
[2026-01-04 03:23:39.576] [DEBUG] Imagen modificada en el editor de píxeles
[2026-01-04 03:23:39.646] [DEBUG] Imagen modificada en el editor de píxeles
[2026-01-04 03:23:39.721] [DEBUG] Imagen modificada en el editor de píxeles
[2026-01-04 03:23:39.861] [DEBUG] Imagen modificada en el editor de píxeles
[2026-01-04 03:23:39.936] [DEBUG] Imagen modificada en el editor de píxeles
[2026-01-04 03:23:40.077] [DEBUG] Imagen modificada en el editor de píxeles
[2026-01-04 03:23:40.409] [DEBUG] Imagen modificada en el editor de píxeles
[2026-01-04 03:23:40.481] [DEBUG] Imagen modificada en el editor de píxeles
[2026-01-04 03:23:40.566] [DEBUG] Imagen modificada en el editor de píxeles
[2026-01-04 03:23:40.636] [DEBUG] Imagen modificada en el editor de píxeles
[2026-01-04 03:23:40.705] [DEBUG] Imagen modificada en el editor de píxeles
[2026-01-04 03:23:40.788] [DEBUG] Imagen modificada en el editor de píxeles
[2026-01-04 03:23:41.067] [DEBUG] Imagen modificada en el editor de píxeles
[2026-01-04 03:23:41.139] [DEBUG] Imagen modificada en el editor de píxeles
[2026-01-04 03:23:41.221] [DEBUG] Imagen modificada en el editor de píxeles
[2026-01-04 03:23:41.294] [DEBUG] Imagen modificada en el editor de píxeles
[2026-01-04 03:23:41.371] [DEBUG] Imagen modificada en el editor de píxeles
[2026-01-04 03:23:41.531] [DEBUG] Imagen modificada en el editor de píxeles
[2026-01-04 03:23:41.611] [DEBUG] Imagen modificada en el editor de píxeles
[2026-01-04 03:23:41.679] [DEBUG] Imagen modificada en el editor de píxeles
[2026-01-04 03:23:41.753] [DEBUG] Imagen modificada en el editor de píxeles
[2026-01-04 03:23:41.828] [DEBUG] Imagen modificada en el editor de píxeles
[2026-01-04 03:23:41.902] [DEBUG] Imagen modificada en el editor de píxeles
[2026-01-04 03:23:41.975] [DEBUG] Imagen modificada en el editor de píxeles
[2026-01-04 03:23:42.054] [DEBUG] Imagen modificada en el editor de píxeles
[2026-01-04 03:23:42.126] [DEBUG] Imagen modificada en el editor de píxeles
[2026-01-04 03:23:42.193] [DEBUG] Imagen modificada en el editor de píxeles
[2026-01-04 03:23:42.272] [DEBUG] Imagen modificada en el editor de píxeles
[2026-01-04 03:23:42.350] [DEBUG] Imagen modificada en el editor de píxeles
[2026-01-04 03:23:42.351] [DEBUG] Imagen modificada en el editor de píxeles
[2026-01-04 03:23:42.570] [DEBUG] Imagen modificada en el editor de píxeles
[2026-01-04 03:23:42.646] [DEBUG] Imagen modificada en el editor de píxeles
[2026-01-04 03:23:42.648] [DEBUG] Imagen modificada en el editor de píxeles
[2026-01-04 03:23:42.803] [DEBUG] Imagen modificada en el editor de píxeles
[2026-01-04 03:23:42.882] [DEBUG] Imagen modificada en el editor de píxeles
[2026-01-04 03:23:43.084] [DEBUG] Imagen modificada en el editor de píxeles
[2026-01-04 03:23:43.156] [DEBUG] Imagen modificada en el editor de píxeles
[2026-01-04 03:23:43.231] [DEBUG] Imagen modificada en el editor de píxeles
[2026-01-04 03:23:43.774] [DEBUG] Imagen modificada en el editor de píxeles
[2026-01-04 03:23:43.848] [DEBUG] Imagen modificada en el editor de píxeles
[2026-01-04 03:23:44.055] [DEBUG] Imagen modificada en el editor de píxeles
[2026-01-04 03:23:44.129] [DEBUG] Imagen modificada en el editor de píxeles
[2026-01-04 03:23:44.199] [DEBUG] Imagen modificada en el editor de píxeles
[2026-01-04 03:23:44.273] [DEBUG] Imagen modificada en el editor de píxeles
[2026-01-04 03:23:44.350] [DEBUG] Imagen modificada en el editor de píxeles
[2026-01-04 03:23:44.418] [DEBUG] Imagen modificada en el editor de píxeles
[2026-01-04 03:23:44.492] [DEBUG] Imagen modificada en el editor de píxeles
[2026-01-04 03:23:44.574] [DEBUG] Imagen modificada en el editor de píxeles
[2026-01-04 03:23:44.648] [DEBUG] Imagen modificada en el editor de píxeles
[2026-01-04 03:23:44.649] [DEBUG] Imagen modificada en el editor de píxeles
[2026-01-04 03:23:44.793] [DEBUG] Imagen modificada en el editor de píxeles
[2026-01-04 03:23:44.864] [DEBUG] Imagen modificada en el editor de píxeles
[2026-01-04 03:23:44.933] [DEBUG] Imagen modificada en el editor de píxeles
[2026-01-04 03:23:45.008] [DEBUG] Imagen modificada en el editor de píxeles
[2026-01-04 03:23:45.009] [DEBUG] Imagen modificada en el editor de píxeles
[2026-01-04 03:23:45.148] [DEBUG] Imagen modificada en el editor de píxeles
[2026-01-04 03:23:45.229] [DEBUG] Imagen modificada en el editor de píxeles
[2026-01-04 03:23:45.302] [DEBUG] Imagen modificada en el editor de píxeles
[2026-01-04 03:23:45.379] [DEBUG] Imagen modificada en el editor de píxeles
[2026-01-04 03:23:45.380] [DEBUG] Imagen modificada en el editor de píxeles
[2026-01-04 03:23:45.525] [DEBUG] Imagen modificada en el editor de píxeles
[2026-01-04 03:23:45.526] [DEBUG] Imagen modificada en el editor de píxeles
[2026-01-04 03:23:45.674] [DEBUG] Imagen modificada en el editor de píxeles
[2026-01-04 03:23:45.675] [DEBUG] Imagen modificada en el editor de píxeles
[2026-01-04 03:23:45.822] [DEBUG] Imagen modificada en el editor de píxeles
[2026-01-04 03:23:45.893] [DEBUG] Imagen modificada en el editor de píxeles
[2026-01-04 03:23:45.966] [DEBUG] Imagen modificada en el editor de píxeles
[2026-01-04 03:23:46.047] [DEBUG] Imagen modificada en el editor de píxeles
[2026-01-04 03:23:46.131] [DEBUG] Imagen modificada en el editor de píxeles
[2026-01-04 03:23:46.216] [DEBUG] Imagen modificada en el editor de píxeles
[2026-01-04 03:23:46.339] [DEBUG] Imagen modificada en el editor de píxeles
[2026-01-04 03:23:47.477] [DEBUG] Imagen modificada en el editor de píxeles
[2026-01-04 03:23:47.549] [DEBUG] Imagen modificada en el editor de píxeles
[2026-01-04 03:23:47.622] [DEBUG] Imagen modificada en el editor de píxeles
[2026-01-04 03:23:47.701] [DEBUG] Imagen modificada en el editor de píxeles
[2026-01-04 03:23:47.777] [DEBUG] Imagen modificada en el editor de píxeles
[2026-01-04 03:23:47.851] [DEBUG] Imagen modificada en el editor de píxeles
[2026-01-04 03:23:47.932] [DEBUG] Imagen modificada en el editor de píxeles
[2026-01-04 03:23:48.001] [DEBUG] Imagen modificada en el editor de píxeles
[2026-01-04 03:23:48.072] [DEBUG] Imagen modificada en el editor de píxeles
[2026-01-04 03:23:48.148] [DEBUG] Imagen modificada en el editor de píxeles
[2026-01-04 03:23:48.230] [DEBUG] Imagen modificada en el editor de píxeles
[2026-01-04 03:23:48.304] [DEBUG] Imagen modificada en el editor de píxeles
[2026-01-04 03:23:48.381] [DEBUG] Imagen modificada en el editor de píxeles
[2026-01-04 03:23:48.453] [DEBUG] Imagen modificada en el editor de píxeles
[2026-01-04 03:23:48.542] [DEBUG] Imagen modificada en el editor de píxeles
[2026-01-04 03:23:48.611] [DEBUG] Imagen modificada en el editor de píxeles
[2026-01-04 03:23:48.685] [DEBUG] Imagen modificada en el editor de píxeles
[2026-01-04 03:23:48.761] [DEBUG] Imagen modificada en el editor de píxeles
[2026-01-04 03:23:48.912] [DEBUG] Imagen modificada en el editor de píxeles
[2026-01-04 03:23:48.993] [DEBUG] Imagen modificada en el editor de píxeles
[2026-01-04 03:23:49.071] [DEBUG] Imagen modificada en el editor de píxeles
[2026-01-04 03:23:49.219] [DEBUG] Imagen modificada en el editor de píxeles
[2026-01-04 03:23:49.377] [DEBUG] Imagen modificada en el editor de píxeles
[2026-01-04 03:23:49.378] [DEBUG] Imagen modificada en el editor de píxeles
[2026-01-04 03:23:49.519] [DEBUG] Imagen modificada en el editor de píxeles
[2026-01-04 03:23:49.602] [DEBUG] Imagen modificada en el editor de píxeles
[2026-01-04 03:23:49.672] [DEBUG] Imagen modificada en el editor de píxeles
[2026-01-04 03:23:49.741] [DEBUG] Imagen modificada en el editor de píxeles
[2026-01-04 03:23:49.817] [DEBUG] Imagen modificada en el editor de píxeles
[2026-01-04 03:23:49.967] [DEBUG] Imagen modificada en el editor de píxeles
[2026-01-04 03:23:49.969] [DEBUG] Imagen modificada en el editor de píxeles
[2026-01-04 03:23:50.138] [DEBUG] Imagen modificada en el editor de píxeles
[2026-01-04 03:23:50.218] [DEBUG] Imagen modificada en el editor de píxeles
[2026-01-04 03:23:50.426] [DEBUG] Imagen modificada en el editor de píxeles
[2026-01-04 03:23:50.496] [DEBUG] Imagen modificada en el editor de píxeles
[2026-01-04 03:23:50.646] [DEBUG] Imagen modificada en el editor de píxeles
[2026-01-04 03:23:50.721] [DEBUG] Imagen modificada en el editor de píxeles
[2026-01-04 03:23:50.790] [DEBUG] Imagen modificada en el editor de píxeles
[2026-01-04 03:23:50.866] [DEBUG] Imagen modificada en el editor de píxeles
[2026-01-04 03:23:50.867] [DEBUG] Imagen modificada en el editor de píxeles
[2026-01-04 03:23:51.011] [DEBUG] Imagen modificada en el editor de píxeles
[2026-01-04 03:23:51.087] [DEBUG] Imagen modificada en el editor de píxeles
[2026-01-04 03:23:51.355] [DEBUG] Imagen modificada en el editor de píxeles
[2026-01-04 03:23:51.433] [DEBUG] Imagen modificada en el editor de píxeles
[2026-01-04 03:23:52.303] [DEBUG] Imagen modificada en el editor de píxeles
[2026-01-04 03:23:52.481] [DEBUG] Imagen modificada en el editor de píxeles
[2026-01-04 03:23:52.627] [DEBUG] Imagen modificada en el editor de píxeles
[2026-01-04 03:23:52.700] [DEBUG] Imagen modificada en el editor de píxeles
[2026-01-04 03:23:52.781] [DEBUG] Imagen modificada en el editor de píxeles
[2026-01-04 03:23:52.858] [DEBUG] Imagen modificada en el editor de píxeles
[2026-01-04 03:23:52.938] [DEBUG] Imagen modificada en el editor de píxeles
[2026-01-04 03:23:53.014] [DEBUG] Imagen modificada en el editor de píxeles
[2026-01-04 03:23:53.089] [DEBUG] Imagen modificada en el editor de píxeles
[2026-01-04 03:23:53.301] [DEBUG] Imagen modificada en el editor de píxeles
[2026-01-04 03:23:53.386] [DEBUG] Imagen modificada en el editor de píxeles
[2026-01-04 03:23:53.455] [DEBUG] Imagen modificada en el editor de píxeles
[2026-01-04 03:23:53.610] [DEBUG] Imagen modificada en el editor de píxeles
[2026-01-04 03:23:53.683] [DEBUG] Imagen modificada en el editor de píxeles
[2026-01-04 03:23:53.760] [DEBUG] Imagen modificada en el editor de píxeles
[2026-01-04 03:23:53.832] [DEBUG] Imagen modificada en el editor de píxeles
[2026-01-04 03:23:53.909] [DEBUG] Imagen modificada en el editor de píxeles
[2026-01-04 03:23:53.987] [DEBUG] Imagen modificada en el editor de píxeles
[2026-01-04 03:23:54.060] [DEBUG] Imagen modificada en el editor de píxeles
[2026-01-04 03:23:54.135] [DEBUG] Imagen modificada en el editor de píxeles
[2026-01-04 03:23:54.212] [DEBUG] Imagen modificada en el editor de píxeles
[2026-01-04 03:23:54.282] [DEBUG] Imagen modificada en el editor de píxeles
[2026-01-04 03:23:54.359] [DEBUG] Imagen modificada en el editor de píxeles
[2026-01-04 03:23:54.436] [DEBUG] Imagen modificada en el editor de píxeles
[2026-01-04 03:23:54.510] [DEBUG] Imagen modificada en el editor de píxeles
[2026-01-04 03:23:54.581] [DEBUG] Imagen modificada en el editor de píxeles
[2026-01-04 03:23:54.662] [DEBUG] Imagen modificada en el editor de píxeles
[2026-01-04 03:23:54.732] [DEBUG] Imagen modificada en el editor de píxeles
[2026-01-04 03:23:54.804] [DEBUG] Imagen modificada en el editor de píxeles
[2026-01-04 03:23:54.879] [DEBUG] Imagen modificada en el editor de píxeles
[2026-01-04 03:23:54.955] [DEBUG] Imagen modificada en el editor de píxeles
[2026-01-04 03:23:55.105] [DEBUG] Imagen modificada en el editor de píxeles
[2026-01-04 03:23:55.181] [DEBUG] Imagen modificada en el editor de píxeles
[2026-01-04 03:23:55.325] [DEBUG] Imagen modificada en el editor de píxeles
[2026-01-04 03:23:55.400] [DEBUG] Imagen modificada en el editor de píxeles
[2026-01-04 03:23:55.401] [DEBUG] Imagen modificada en el editor de píxeles
[2026-01-04 03:23:55.550] [DEBUG] Imagen modificada en el editor de píxeles
[2026-01-04 03:23:55.634] [DEBUG] Imagen modificada en el editor de píxeles
[2026-01-04 03:23:55.709] [DEBUG] Imagen modificada en el editor de píxeles
[2026-01-04 03:23:55.781] [DEBUG] Imagen modificada en el editor de píxeles
[2026-01-04 03:23:55.853] [DEBUG] Imagen modificada en el editor de píxeles
[2026-01-04 03:23:56.106] [DEBUG] Imagen modificada en el editor de píxeles
[2026-01-04 03:23:56.176] [DEBUG] Imagen modificada en el editor de píxeles
[2026-01-04 03:23:56.251] [DEBUG] Imagen modificada en el editor de píxeles
[2026-01-04 03:23:56.330] [DEBUG] Imagen modificada en el editor de píxeles
[2026-01-04 03:23:56.405] [DEBUG] Imagen modificada en el editor de píxeles
[2026-01-04 03:23:56.481] [DEBUG] Imagen modificada en el editor de píxeles
[2026-01-04 03:23:56.553] [DEBUG] Imagen modificada en el editor de píxeles
[2026-01-04 03:23:56.629] [DEBUG] Imagen modificada en el editor de píxeles
[2026-01-04 03:23:57.526] [DEBUG] Imagen modificada en el editor de píxeles
[2026-01-04 03:23:57.595] [DEBUG] Imagen modificada en el editor de píxeles
[2026-01-04 03:23:57.671] [DEBUG] Imagen modificada en el editor de píxeles
[2026-01-04 03:23:57.747] [DEBUG] Imagen modificada en el editor de píxeles
[2026-01-04 03:23:58.248] [DEBUG] Imagen modificada en el editor de píxeles
[2026-01-04 03:23:58.324] [DEBUG] Imagen modificada en el editor de píxeles
[2026-01-04 03:23:58.412] [DEBUG] Imagen modificada en el editor de píxeles
[2026-01-04 03:23:58.489] [DEBUG] Imagen modificada en el editor de píxeles
[2026-01-04 03:23:58.569] [DEBUG] Imagen modificada en el editor de píxeles
[2026-01-04 03:23:58.644] [DEBUG] Imagen modificada en el editor de píxeles
[2026-01-04 03:23:58.720] [DEBUG] Imagen modificada en el editor de píxeles
[2026-01-04 03:23:58.798] [DEBUG] Imagen modificada en el editor de píxeles
[2026-01-04 03:23:58.870] [DEBUG] Imagen modificada en el editor de píxeles
[2026-01-04 03:23:58.943] [DEBUG] Imagen modificada en el editor de píxeles
[2026-01-04 03:23:59.019] [DEBUG] Imagen modificada en el editor de píxeles
[2026-01-04 03:23:59.093] [DEBUG] Imagen modificada en el editor de píxeles
[2026-01-04 03:23:59.432] [DEBUG] Imagen modificada en el editor de píxeles
[2026-01-04 03:23:59.505] [DEBUG] Imagen modificada en el editor de píxeles
[2026-01-04 03:23:59.932] [DEBUG] Imagen modificada en el editor de píxeles
[2026-01-04 03:23:59.933] [DEBUG] Imagen modificada en el editor de píxeles
[2026-01-04 03:24:00.242] [DEBUG] Imagen modificada en el editor de píxeles
[2026-01-04 03:24:00.321] [DEBUG] Imagen modificada en el editor de píxeles
[2026-01-04 03:24:00.947] [DEBUG] Imagen modificada en el editor de píxeles
[2026-01-04 03:24:01.023] [DEBUG] Imagen modificada en el editor de píxeles
[2026-01-04 03:24:01.092] [DEBUG] Imagen modificada en el editor de píxeles
[2026-01-04 03:24:01.174] [DEBUG] Imagen modificada en el editor de píxeles
[2026-01-04 03:24:01.370] [DEBUG] Imagen modificada en el editor de píxeles
[2026-01-04 03:24:01.448] [DEBUG] Imagen modificada en el editor de píxeles
[2026-01-04 03:24:01.525] [DEBUG] Imagen modificada en el editor de píxeles
[2026-01-04 03:24:01.602] [DEBUG] Imagen modificada en el editor de píxeles
[2026-01-04 03:24:04.354] [DEBUG] Imagen modificada en el editor de píxeles
[2026-01-04 03:24:04.425] [DEBUG] Imagen modificada en el editor de píxeles
[2026-01-04 03:24:04.506] [DEBUG] Imagen modificada en el editor de píxeles
[2026-01-04 03:24:07.233] [INFO] ✓ Cambios de píxeles aplicados al tamaño 256x256
[2026-01-04 03:24:15.244] [DEBUG] Imagen modificada en el editor de píxeles
[2026-01-04 03:24:15.318] [DEBUG] Imagen modificada en el editor de píxeles
[2026-01-04 03:24:15.390] [DEBUG] Imagen modificada en el editor de píxeles
[2026-01-04 03:24:15.479] [DEBUG] Imagen modificada en el editor de píxeles
[2026-01-04 03:24:15.553] [DEBUG] Imagen modificada en el editor de píxeles
[2026-01-04 03:24:15.636] [DEBUG] Imagen modificada en el editor de píxeles
[2026-01-04 03:24:15.713] [DEBUG] Imagen modificada en el editor de píxeles
[2026-01-04 03:24:15.790] [DEBUG] Imagen modificada en el editor de píxeles
[2026-01-04 03:24:15.869] [DEBUG] Imagen modificada en el editor de píxeles
[2026-01-04 03:24:15.939] [DEBUG] Imagen modificada en el editor de píxeles
[2026-01-04 03:24:16.011] [DEBUG] Imagen modificada en el editor de píxeles
[2026-01-04 03:24:16.085] [DEBUG] Imagen modificada en el editor de píxeles
[2026-01-04 03:24:16.086] [DEBUG] Imagen modificada en el editor de píxeles
[2026-01-04 03:24:16.610] [DEBUG] Imagen modificada en el editor de píxeles
[2026-01-04 03:24:16.685] [DEBUG] Imagen modificada en el editor de píxeles
[2026-01-04 03:24:16.764] [DEBUG] Imagen modificada en el editor de píxeles
[2026-01-04 03:24:16.836] [DEBUG] Imagen modificada en el editor de píxeles
[2026-01-04 03:24:16.908] [DEBUG] Imagen modificada en el editor de píxeles
[2026-01-04 03:24:16.986] [DEBUG] Imagen modificada en el editor de píxeles
[2026-01-04 03:24:17.057] [DEBUG] Imagen modificada en el editor de píxeles
[2026-01-04 03:24:17.131] [DEBUG] Imagen modificada en el editor de píxeles
[2026-01-04 03:24:17.211] [DEBUG] Imagen modificada en el editor de píxeles
[2026-01-04 03:24:17.285] [DEBUG] Imagen modificada en el editor de píxeles
[2026-01-04 03:24:17.362] [DEBUG] Imagen modificada en el editor de píxeles
[2026-01-04 03:24:17.432] [DEBUG] Imagen modificada en el editor de píxeles
[2026-01-04 03:24:17.505] [DEBUG] Imagen modificada en el editor de píxeles
[2026-01-04 03:24:17.582] [DEBUG] Imagen modificada en el editor de píxeles
[2026-01-04 03:24:17.583] [DEBUG] Imagen modificada en el editor de píxeles
[2026-01-04 03:24:17.728] [DEBUG] Imagen modificada en el editor de píxeles
[2026-01-04 03:24:17.803] [DEBUG] Imagen modificada en el editor de píxeles
[2026-01-04 03:24:17.874] [DEBUG] Imagen modificada en el editor de píxeles
[2026-01-04 03:24:17.943] [DEBUG] Imagen modificada en el editor de píxeles
[2026-01-04 03:24:18.087] [DEBUG] Imagen modificada en el editor de píxeles
[2026-01-04 03:24:18.180] [DEBUG] Imagen modificada en el editor de píxeles
[2026-01-04 03:24:18.350] [DEBUG] Imagen modificada en el editor de píxeles
[2026-01-04 03:24:18.480] [DEBUG] Imagen modificada en el editor de píxeles
[2026-01-04 03:24:18.616] [DEBUG] Imagen modificada en el editor de píxeles
[2026-01-04 03:24:18.737] [DEBUG] Imagen modificada en el editor de píxeles
[2026-01-04 03:24:18.833] [DEBUG] Imagen modificada en el editor de píxeles
[2026-01-04 03:24:18.935] [DEBUG] Imagen modificada en el editor de píxeles
[2026-01-04 03:24:19.023] [DEBUG] Imagen modificada en el editor de píxeles
[2026-01-04 03:24:19.111] [DEBUG] Imagen modificada en el editor de píxeles
[2026-01-04 03:24:19.241] [DEBUG] Imagen modificada en el editor de píxeles
[2026-01-04 03:24:19.377] [DEBUG] Imagen modificada en el editor de píxeles
[2026-01-04 03:24:19.455] [DEBUG] Imagen modificada en el editor de píxeles
[2026-01-04 03:24:19.534] [DEBUG] Imagen modificada en el editor de píxeles
[2026-01-04 03:24:19.677] [DEBUG] Imagen modificada en el editor de píxeles
[2026-01-04 03:24:19.755] [DEBUG] Imagen modificada en el editor de píxeles
[2026-01-04 03:24:19.824] [DEBUG] Imagen modificada en el editor de píxeles
[2026-01-04 03:24:19.993] [DEBUG] Imagen modificada en el editor de píxeles
[2026-01-04 03:24:20.070] [DEBUG] Imagen modificada en el editor de píxeles
[2026-01-04 03:24:20.140] [DEBUG] Imagen modificada en el editor de píxeles
[2026-01-04 03:24:20.223] [DEBUG] Imagen modificada en el editor de píxeles
[2026-01-04 03:24:20.294] [DEBUG] Imagen modificada en el editor de píxeles
[2026-01-04 03:24:20.376] [DEBUG] Imagen modificada en el editor de píxeles
[2026-01-04 03:24:20.450] [DEBUG] Imagen modificada en el editor de píxeles
[2026-01-04 03:24:20.608] [DEBUG] Imagen modificada en el editor de píxeles
[2026-01-04 03:24:20.680] [DEBUG] Imagen modificada en el editor de píxeles
[2026-01-04 03:24:20.888] [DEBUG] Imagen modificada en el editor de píxeles
[2026-01-04 03:24:20.962] [DEBUG] Imagen modificada en el editor de píxeles
[2026-01-04 03:24:21.063] [DEBUG] Imagen modificada en el editor de píxeles
[2026-01-04 03:24:21.213] [DEBUG] Imagen modificada en el editor de píxeles
[2026-01-04 03:24:21.370] [DEBUG] Imagen modificada en el editor de píxeles
[2026-01-04 03:24:21.452] [DEBUG] Imagen modificada en el editor de píxeles
[2026-01-04 03:24:21.532] [DEBUG] Imagen modificada en el editor de píxeles
[2026-01-04 03:24:21.604] [DEBUG] Imagen modificada en el editor de píxeles
[2026-01-04 03:24:21.772] [DEBUG] Imagen modificada en el editor de píxeles
[2026-01-04 03:24:21.774] [DEBUG] Imagen modificada en el editor de píxeles
[2026-01-04 03:24:21.932] [DEBUG] Imagen modificada en el editor de píxeles
[2026-01-04 03:24:22.228] [DEBUG] Imagen modificada en el editor de píxeles
[2026-01-04 03:24:22.303] [DEBUG] Imagen modificada en el editor de píxeles
[2026-01-04 03:24:22.305] [DEBUG] Imagen modificada en el editor de píxeles
[2026-01-04 03:24:22.592] [DEBUG] Imagen modificada en el editor de píxeles
[2026-01-04 03:24:22.674] [DEBUG] Imagen modificada en el editor de píxeles
[2026-01-04 03:24:22.750] [DEBUG] Imagen modificada en el editor de píxeles
[2026-01-04 03:24:22.825] [DEBUG] Imagen modificada en el editor de píxeles
[2026-01-04 03:24:22.906] [DEBUG] Imagen modificada en el editor de píxeles
[2026-01-04 03:24:22.981] [DEBUG] Imagen modificada en el editor de píxeles
[2026-01-04 03:24:23.056] [DEBUG] Imagen modificada en el editor de píxeles
[2026-01-04 03:24:23.057] [DEBUG] Imagen modificada en el editor de píxeles
[2026-01-04 03:24:23.236] [DEBUG] Imagen modificada en el editor de píxeles
[2026-01-04 03:24:23.310] [DEBUG] Imagen modificada en el editor de píxeles
[2026-01-04 03:24:23.311] [DEBUG] Imagen modificada en el editor de píxeles
[2026-01-04 03:24:23.462] [DEBUG] Imagen modificada en el editor de píxeles
[2026-01-04 03:24:23.542] [DEBUG] Imagen modificada en el editor de píxeles
[2026-01-04 03:24:23.707] [DEBUG] Imagen modificada en el editor de píxeles
[2026-01-04 03:24:23.792] [DEBUG] Imagen modificada en el editor de píxeles
[2026-01-04 03:24:24.032] [DEBUG] Imagen modificada en el editor de píxeles
[2026-01-04 03:24:24.109] [DEBUG] Imagen modificada en el editor de píxeles
[2026-01-04 03:24:24.310] [DEBUG] Imagen modificada en el editor de píxeles
[2026-01-04 03:24:24.427] [DEBUG] Imagen modificada en el editor de píxeles
[2026-01-04 03:24:24.542] [DEBUG] Imagen modificada en el editor de píxeles
[2026-01-04 03:24:24.624] [DEBUG] Imagen modificada en el editor de píxeles
[2026-01-04 03:24:24.692] [DEBUG] Imagen modificada en el editor de píxeles
[2026-01-04 03:24:24.877] [DEBUG] Imagen modificada en el editor de píxeles
[2026-01-04 03:24:24.959] [DEBUG] Imagen modificada en el editor de píxeles
[2026-01-04 03:24:24.960] [DEBUG] Imagen modificada en el editor de píxeles
[2026-01-04 03:24:25.110] [DEBUG] Imagen modificada en el editor de píxeles
[2026-01-04 03:24:25.256] [DEBUG] Imagen modificada en el editor de píxeles
[2026-01-04 03:24:25.462] [DEBUG] Imagen modificada en el editor de píxeles
[2026-01-04 03:24:25.463] [DEBUG] Imagen modificada en el editor de píxeles
[2026-01-04 03:24:25.615] [DEBUG] Imagen modificada en el editor de píxeles
[2026-01-04 03:24:25.696] [DEBUG] Imagen modificada en el editor de píxeles
[2026-01-04 03:24:25.766] [DEBUG] Imagen modificada en el editor de píxeles
[2026-01-04 03:24:25.836] [DEBUG] Imagen modificada en el editor de píxeles
[2026-01-04 03:24:26.030] [DEBUG] Imagen modificada en el editor de píxeles
[2026-01-04 03:24:26.128] [DEBUG] Imagen modificada en el editor de píxeles
[2026-01-04 03:24:26.201] [DEBUG] Imagen modificada en el editor de píxeles
[2026-01-04 03:24:26.202] [DEBUG] Imagen modificada en el editor de píxeles
[2026-01-04 03:24:26.346] [DEBUG] Imagen modificada en el editor de píxeles
[2026-01-04 03:24:26.493] [DEBUG] Imagen modificada en el editor de píxeles
[2026-01-04 03:24:26.569] [DEBUG] Imagen modificada en el editor de píxeles
[2026-01-04 03:24:26.640] [DEBUG] Imagen modificada en el editor de píxeles
[2026-01-04 03:24:26.748] [DEBUG] Imagen modificada en el editor de píxeles
[2026-01-04 03:24:26.870] [DEBUG] Imagen modificada en el editor de píxeles
[2026-01-04 03:24:26.955] [DEBUG] Imagen modificada en el editor de píxeles
[2026-01-04 03:24:27.028] [DEBUG] Imagen modificada en el editor de píxeles
[2026-01-04 03:24:27.029] [DEBUG] Imagen modificada en el editor de píxeles
[2026-01-04 03:24:27.184] [DEBUG] Imagen modificada en el editor de píxeles
[2026-01-04 03:24:27.261] [DEBUG] Imagen modificada en el editor de píxeles
[2026-01-04 03:24:27.346] [DEBUG] Imagen modificada en el editor de píxeles
[2026-01-04 03:24:27.422] [DEBUG] Imagen modificada en el editor de píxeles
[2026-01-04 03:24:27.592] [DEBUG] Imagen modificada en el editor de píxeles
[2026-01-04 03:24:27.684] [DEBUG] Imagen modificada en el editor de píxeles
[2026-01-04 03:24:27.762] [DEBUG] Imagen modificada en el editor de píxeles
[2026-01-04 03:24:27.838] [DEBUG] Imagen modificada en el editor de píxeles
[2026-01-04 03:24:27.909] [DEBUG] Imagen modificada en el editor de píxeles
[2026-01-04 03:24:27.993] [DEBUG] Imagen modificada en el editor de píxeles
[2026-01-04 03:24:28.134] [DEBUG] Imagen modificada en el editor de píxeles
[2026-01-04 03:24:28.210] [DEBUG] Imagen modificada en el editor de píxeles
[2026-01-04 03:24:28.395] [DEBUG] Imagen modificada en el editor de píxeles
[2026-01-04 03:24:28.563] [DEBUG] Imagen modificada en el editor de píxeles
[2026-01-04 03:24:29.083] [DEBUG] Imagen modificada en el editor de píxeles
[2026-01-04 03:24:29.161] [DEBUG] Imagen modificada en el editor de píxeles
[2026-01-04 03:24:29.243] [DEBUG] Imagen modificada en el editor de píxeles
[2026-01-04 03:24:29.326] [DEBUG] Imagen modificada en el editor de píxeles
[2026-01-04 03:24:29.408] [DEBUG] Imagen modificada en el editor de píxeles
[2026-01-04 03:24:29.476] [DEBUG] Imagen modificada en el editor de píxeles
[2026-01-04 03:24:29.553] [DEBUG] Imagen modificada en el editor de píxeles
[2026-01-04 03:24:29.637] [DEBUG] Imagen modificada en el editor de píxeles
[2026-01-04 03:24:29.709] [DEBUG] Imagen modificada en el editor de píxeles
[2026-01-04 03:24:29.779] [DEBUG] Imagen modificada en el editor de píxeles
[2026-01-04 03:24:29.939] [DEBUG] Imagen modificada en el editor de píxeles
[2026-01-04 03:24:30.020] [DEBUG] Imagen modificada en el editor de píxeles
[2026-01-04 03:24:30.092] [DEBUG] Imagen modificada en el editor de píxeles
[2026-01-04 03:24:30.167] [DEBUG] Imagen modificada en el editor de píxeles
[2026-01-04 03:24:30.248] [DEBUG] Imagen modificada en el editor de píxeles
[2026-01-04 03:24:30.323] [DEBUG] Imagen modificada en el editor de píxeles
[2026-01-04 03:24:30.399] [DEBUG] Imagen modificada en el editor de píxeles
[2026-01-04 03:24:30.479] [DEBUG] Imagen modificada en el editor de píxeles
[2026-01-04 03:24:30.558] [DEBUG] Imagen modificada en el editor de píxeles
[2026-01-04 03:24:30.634] [DEBUG] Imagen modificada en el editor de píxeles
[2026-01-04 03:24:30.718] [DEBUG] Imagen modificada en el editor de píxeles
[2026-01-04 03:24:30.793] [DEBUG] Imagen modificada en el editor de píxeles
[2026-01-04 03:24:30.881] [DEBUG] Imagen modificada en el editor de píxeles
[2026-01-04 03:24:30.952] [DEBUG] Imagen modificada en el editor de píxeles
[2026-01-04 03:24:31.027] [DEBUG] Imagen modificada en el editor de píxeles
[2026-01-04 03:24:31.108] [DEBUG] Imagen modificada en el editor de píxeles
[2026-01-04 03:24:31.258] [DEBUG] Imagen modificada en el editor de píxeles
[2026-01-04 03:24:31.340] [DEBUG] Imagen modificada en el editor de píxeles
[2026-01-04 03:24:31.413] [DEBUG] Imagen modificada en el editor de píxeles
[2026-01-04 03:24:31.483] [DEBUG] Imagen modificada en el editor de píxeles
[2026-01-04 03:24:31.562] [DEBUG] Imagen modificada en el editor de píxeles
[2026-01-04 03:24:31.634] [DEBUG] Imagen modificada en el editor de píxeles
[2026-01-04 03:24:31.788] [DEBUG] Imagen modificada en el editor de píxeles
[2026-01-04 03:24:31.860] [DEBUG] Imagen modificada en el editor de píxeles
[2026-01-04 03:24:31.943] [DEBUG] Imagen modificada en el editor de píxeles
[2026-01-04 03:24:32.016] [DEBUG] Imagen modificada en el editor de píxeles
[2026-01-04 03:24:32.091] [DEBUG] Imagen modificada en el editor de píxeles
[2026-01-04 03:24:32.169] [DEBUG] Imagen modificada en el editor de píxeles
[2026-01-04 03:24:32.249] [DEBUG] Imagen modificada en el editor de píxeles
[2026-01-04 03:24:32.322] [DEBUG] Imagen modificada en el editor de píxeles
[2026-01-04 03:24:32.404] [DEBUG] Imagen modificada en el editor de píxeles
[2026-01-04 03:24:32.477] [DEBUG] Imagen modificada en el editor de píxeles
[2026-01-04 03:24:32.638] [DEBUG] Imagen modificada en el editor de píxeles
[2026-01-04 03:24:32.714] [DEBUG] Imagen modificada en el editor de píxeles
[2026-01-04 03:24:32.802] [DEBUG] Imagen modificada en el editor de píxeles
[2026-01-04 03:24:32.874] [DEBUG] Imagen modificada en el editor de píxeles
[2026-01-04 03:24:32.952] [DEBUG] Imagen modificada en el editor de píxeles
[2026-01-04 03:24:33.031] [DEBUG] Imagen modificada en el editor de píxeles
[2026-01-04 03:24:33.103] [DEBUG] Imagen modificada en el editor de píxeles
[2026-01-04 03:24:33.171] [DEBUG] Imagen modificada en el editor de píxeles
[2026-01-04 03:24:33.172] [DEBUG] Imagen modificada en el editor de píxeles
[2026-01-04 03:24:33.243] [DEBUG] Imagen modificada en el editor de píxeles
[2026-01-04 03:24:33.314] [DEBUG] Imagen modificada en el editor de píxeles
[2026-01-04 03:24:33.475] [DEBUG] Imagen modificada en el editor de píxeles
[2026-01-04 03:24:33.549] [DEBUG] Imagen modificada en el editor de píxeles
[2026-01-04 03:24:33.697] [DEBUG] Imagen modificada en el editor de píxeles
[2026-01-04 03:24:33.769] [DEBUG] Imagen modificada en el editor de píxeles
[2026-01-04 03:24:33.854] [DEBUG] Imagen modificada en el editor de píxeles
[2026-01-04 03:24:33.999] [DEBUG] Imagen modificada en el editor de píxeles
[2026-01-04 03:24:34.097] [DEBUG] Imagen modificada en el editor de píxeles
[2026-01-04 03:24:34.189] [DEBUG] Imagen modificada en el editor de píxeles
[2026-01-04 03:24:34.549] [DEBUG] Imagen modificada en el editor de píxeles
[2026-01-04 03:24:34.647] [DEBUG] Imagen modificada en el editor de píxeles
[2026-01-04 03:24:34.873] [DEBUG] Imagen modificada en el editor de píxeles
[2026-01-04 03:24:34.963] [DEBUG] Imagen modificada en el editor de píxeles
[2026-01-04 03:24:35.057] [DEBUG] Imagen modificada en el editor de píxeles
[2026-01-04 03:24:35.150] [DEBUG] Imagen modificada en el editor de píxeles
[2026-01-04 03:24:35.243] [DEBUG] Imagen modificada en el editor de píxeles
[2026-01-04 03:24:35.343] [DEBUG] Imagen modificada en el editor de píxeles
[2026-01-04 03:24:35.440] [DEBUG] Imagen modificada en el editor de píxeles
[2026-01-04 03:24:36.855] [DEBUG] Imagen modificada en el editor de píxeles
[2026-01-04 03:24:37.733] [DEBUG] Imagen modificada en el editor de píxeles
[2026-01-04 03:24:37.837] [DEBUG] Imagen modificada en el editor de píxeles
[2026-01-04 03:24:38.010] [DEBUG] Imagen modificada en el editor de píxeles
[2026-01-04 03:24:38.110] [DEBUG] Imagen modificada en el editor de píxeles
[2026-01-04 03:24:38.270] [DEBUG] Imagen modificada en el editor de píxeles
[2026-01-04 03:24:38.368] [DEBUG] Imagen modificada en el editor de píxeles
[2026-01-04 03:24:38.475] [DEBUG] Imagen modificada en el editor de píxeles
[2026-01-04 03:24:38.578] [DEBUG] Imagen modificada en el editor de píxeles
[2026-01-04 03:24:38.679] [DEBUG] Imagen modificada en el editor de píxeles
[2026-01-04 03:24:38.775] [DEBUG] Imagen modificada en el editor de píxeles
[2026-01-04 03:24:38.875] [DEBUG] Imagen modificada en el editor de píxeles
[2026-01-04 03:24:38.964] [DEBUG] Imagen modificada en el editor de píxeles
[2026-01-04 03:24:39.132] [DEBUG] Imagen modificada en el editor de píxeles
[2026-01-04 03:24:39.155] [DEBUG] Imagen modificada en el editor de píxeles
[2026-01-04 03:24:39.177] [DEBUG] Imagen modificada en el editor de píxeles
[2026-01-04 03:24:39.277] [DEBUG] Imagen modificada en el editor de píxeles
[2026-01-04 03:24:39.297] [DEBUG] Imagen modificada en el editor de píxeles
[2026-01-04 03:24:39.322] [DEBUG] Imagen modificada en el editor de píxeles
[2026-01-04 03:24:39.416] [DEBUG] Imagen modificada en el editor de píxeles
[2026-01-04 03:24:39.519] [DEBUG] Imagen modificada en el editor de píxeles
[2026-01-04 03:24:39.618] [DEBUG] Imagen modificada en el editor de píxeles
[2026-01-04 03:24:39.716] [DEBUG] Imagen modificada en el editor de píxeles
[2026-01-04 03:24:39.809] [DEBUG] Imagen modificada en el editor de píxeles
[2026-01-04 03:24:39.905] [DEBUG] Imagen modificada en el editor de píxeles
[2026-01-04 03:24:39.997] [DEBUG] Imagen modificada en el editor de píxeles
[2026-01-04 03:24:40.098] [DEBUG] Imagen modificada en el editor de píxeles
[2026-01-04 03:24:40.188] [DEBUG] Imagen modificada en el editor de píxeles
[2026-01-04 03:24:40.353] [DEBUG] Imagen modificada en el editor de píxeles
[2026-01-04 03:24:40.449] [DEBUG] Imagen modificada en el editor de píxeles
[2026-01-04 03:24:40.545] [DEBUG] Imagen modificada en el editor de píxeles
[2026-01-04 03:24:40.888] [DEBUG] Imagen modificada en el editor de píxeles
[2026-01-04 03:24:40.987] [DEBUG] Imagen modificada en el editor de píxeles
[2026-01-04 03:24:41.081] [DEBUG] Imagen modificada en el editor de píxeles
[2026-01-04 03:24:41.178] [DEBUG] Imagen modificada en el editor de píxeles
[2026-01-04 03:24:41.273] [DEBUG] Imagen modificada en el editor de píxeles
[2026-01-04 03:24:41.376] [DEBUG] Imagen modificada en el editor de píxeles
[2026-01-04 03:24:41.710] [DEBUG] Imagen modificada en el editor de píxeles
[2026-01-04 03:24:41.807] [DEBUG] Imagen modificada en el editor de píxeles
[2026-01-04 03:24:41.983] [DEBUG] Imagen modificada en el editor de píxeles
[2026-01-04 03:24:42.073] [DEBUG] Imagen modificada en el editor de píxeles
[2026-01-04 03:24:42.170] [DEBUG] Imagen modificada en el editor de píxeles
[2026-01-04 03:24:42.528] [DEBUG] Imagen modificada en el editor de píxeles
[2026-01-04 03:24:42.629] [DEBUG] Imagen modificada en el editor de píxeles
[2026-01-04 03:24:42.722] [DEBUG] Imagen modificada en el editor de píxeles
[2026-01-04 03:24:42.903] [DEBUG] Imagen modificada en el editor de píxeles
[2026-01-04 03:24:43.000] [DEBUG] Imagen modificada en el editor de píxeles
[2026-01-04 03:24:43.099] [DEBUG] Imagen modificada en el editor de píxeles
[2026-01-04 03:24:43.120] [DEBUG] Imagen modificada en el editor de píxeles
[2026-01-04 03:24:43.341] [DEBUG] Imagen modificada en el editor de píxeles
[2026-01-04 03:24:43.444] [DEBUG] Imagen modificada en el editor de píxeles
[2026-01-04 03:24:43.540] [DEBUG] Imagen modificada en el editor de píxeles
[2026-01-04 03:24:43.708] [DEBUG] Imagen modificada en el editor de píxeles
[2026-01-04 03:24:43.877] [DEBUG] Imagen modificada en el editor de píxeles
[2026-01-04 03:24:43.970] [DEBUG] Imagen modificada en el editor de píxeles
[2026-01-04 03:24:43.993] [DEBUG] Imagen modificada en el editor de píxeles
[2026-01-04 03:24:44.173] [DEBUG] Imagen modificada en el editor de píxeles
[2026-01-04 03:24:44.269] [DEBUG] Imagen modificada en el editor de píxeles
[2026-01-04 03:24:44.375] [DEBUG] Imagen modificada en el editor de píxeles
[2026-01-04 03:24:44.623] [DEBUG] Imagen modificada en el editor de píxeles
[2026-01-04 03:24:44.646] [DEBUG] Imagen modificada en el editor de píxeles
[2026-01-04 03:24:44.747] [DEBUG] Imagen modificada en el editor de píxeles
[2026-01-04 03:24:44.839] [DEBUG] Imagen modificada en el editor de píxeles
[2026-01-04 03:24:44.938] [DEBUG] Imagen modificada en el editor de píxeles
[2026-01-04 03:24:45.030] [DEBUG] Imagen modificada en el editor de píxeles
[2026-01-04 03:24:45.122] [DEBUG] Imagen modificada en el editor de píxeles
[2026-01-04 03:24:45.220] [DEBUG] Imagen modificada en el editor de píxeles
[2026-01-04 03:24:45.431] [DEBUG] Imagen modificada en el editor de píxeles
[2026-01-04 03:24:45.727] [DEBUG] Imagen modificada en el editor de píxeles
[2026-01-04 03:24:45.903] [DEBUG] Imagen modificada en el editor de píxeles
[2026-01-04 03:24:46.002] [DEBUG] Imagen modificada en el editor de píxeles
[2026-01-04 03:24:46.103] [DEBUG] Imagen modificada en el editor de píxeles
[2026-01-04 03:24:46.193] [DEBUG] Imagen modificada en el editor de píxeles
[2026-01-04 03:24:46.291] [DEBUG] Imagen modificada en el editor de píxeles
[2026-01-04 03:24:46.383] [DEBUG] Imagen modificada en el editor de píxeles
[2026-01-04 03:24:46.490] [DEBUG] Imagen modificada en el editor de píxeles
[2026-01-04 03:24:46.591] [DEBUG] Imagen modificada en el editor de píxeles
[2026-01-04 03:24:46.691] [DEBUG] Imagen modificada en el editor de píxeles
[2026-01-04 03:24:46.786] [DEBUG] Imagen modificada en el editor de píxeles
[2026-01-04 03:24:46.892] [DEBUG] Imagen modificada en el editor de píxeles
[2026-01-04 03:24:46.987] [DEBUG] Imagen modificada en el editor de píxeles
[2026-01-04 03:24:47.084] [DEBUG] Imagen modificada en el editor de píxeles
[2026-01-04 03:24:47.179] [DEBUG] Imagen modificada en el editor de píxeles
[2026-01-04 03:24:47.437] [DEBUG] Imagen modificada en el editor de píxeles
[2026-01-04 03:24:47.533] [DEBUG] Imagen modificada en el editor de píxeles
[2026-01-04 03:24:47.849] [DEBUG] Imagen modificada en el editor de píxeles
[2026-01-04 03:24:47.950] [DEBUG] Imagen modificada en el editor de píxeles
[2026-01-04 03:24:48.044] [DEBUG] Imagen modificada en el editor de píxeles
[2026-01-04 03:24:48.143] [DEBUG] Imagen modificada en el editor de píxeles
[2026-01-04 03:24:48.310] [DEBUG] Imagen modificada en el editor de píxeles
[2026-01-04 03:24:48.411] [DEBUG] Imagen modificada en el editor de píxeles
[2026-01-04 03:24:48.593] [DEBUG] Imagen modificada en el editor de píxeles
[2026-01-04 03:24:48.689] [DEBUG] Imagen modificada en el editor de píxeles
[2026-01-04 03:24:48.883] [DEBUG] Imagen modificada en el editor de píxeles
[2026-01-04 03:24:48.982] [DEBUG] Imagen modificada en el editor de píxeles
[2026-01-04 03:24:49.075] [DEBUG] Imagen modificada en el editor de píxeles
[2026-01-04 03:24:49.171] [DEBUG] Imagen modificada en el editor de píxeles
[2026-01-04 03:24:49.263] [DEBUG] Imagen modificada en el editor de píxeles
[2026-01-04 03:24:49.362] [DEBUG] Imagen modificada en el editor de píxeles
[2026-01-04 03:24:49.460] [DEBUG] Imagen modificada en el editor de píxeles
[2026-01-04 03:24:49.560] [DEBUG] Imagen modificada en el editor de píxeles
[2026-01-04 03:24:49.743] [DEBUG] Imagen modificada en el editor de píxeles
[2026-01-04 03:24:49.848] [DEBUG] Imagen modificada en el editor de píxeles
[2026-01-04 03:24:50.036] [DEBUG] Imagen modificada en el editor de píxeles
[2026-01-04 03:24:50.130] [DEBUG] Imagen modificada en el editor de píxeles
[2026-01-04 03:24:50.277] [DEBUG] Imagen modificada en el editor de píxeles
[2026-01-04 03:24:50.380] [DEBUG] Imagen modificada en el editor de píxeles
[2026-01-04 03:24:50.492] [DEBUG] Imagen modificada en el editor de píxeles
[2026-01-04 03:24:50.585] [DEBUG] Imagen modificada en el editor de píxeles
[2026-01-04 03:24:50.609] [DEBUG] Imagen modificada en el editor de píxeles
[2026-01-04 03:24:50.703] [DEBUG] Imagen modificada en el editor de píxeles
[2026-01-04 03:24:50.799] [DEBUG] Imagen modificada en el editor de píxeles
[2026-01-04 03:24:50.897] [DEBUG] Imagen modificada en el editor de píxeles
[2026-01-04 03:24:50.995] [DEBUG] Imagen modificada en el editor de píxeles
[2026-01-04 03:24:51.162] [DEBUG] Imagen modificada en el editor de píxeles
[2026-01-04 03:24:51.546] [DEBUG] Imagen modificada en el editor de píxeles
[2026-01-04 03:24:51.639] [DEBUG] Imagen modificada en el editor de píxeles
[2026-01-04 03:24:52.531] [DEBUG] Imagen modificada en el editor de píxeles
[2026-01-04 03:24:52.626] [DEBUG] Imagen modificada en el editor de píxeles
[2026-01-04 03:24:52.717] [DEBUG] Imagen modificada en el editor de píxeles
[2026-01-04 03:24:53.047] [DEBUG] Imagen modificada en el editor de píxeles
[2026-01-04 03:24:53.147] [DEBUG] Imagen modificada en el editor de píxeles
[2026-01-04 03:24:53.238] [DEBUG] Imagen modificada en el editor de píxeles
[2026-01-04 03:24:53.329] [DEBUG] Imagen modificada en el editor de píxeles
[2026-01-04 03:24:53.426] [DEBUG] Imagen modificada en el editor de píxeles
[2026-01-04 03:24:53.525] [DEBUG] Imagen modificada en el editor de píxeles
[2026-01-04 03:24:53.628] [DEBUG] Imagen modificada en el editor de píxeles
[2026-01-04 03:24:53.729] [DEBUG] Imagen modificada en el editor de píxeles
[2026-01-04 03:24:53.830] [DEBUG] Imagen modificada en el editor de píxeles
[2026-01-04 03:24:53.928] [DEBUG] Imagen modificada en el editor de píxeles
[2026-01-04 03:24:54.029] [DEBUG] Imagen modificada en el editor de píxeles
[2026-01-04 03:24:54.128] [DEBUG] Imagen modificada en el editor de píxeles
[2026-01-04 03:24:54.228] [DEBUG] Imagen modificada en el editor de píxeles
[2026-01-04 03:24:54.319] [DEBUG] Imagen modificada en el editor de píxeles
[2026-01-04 03:24:54.421] [DEBUG] Imagen modificada en el editor de píxeles
[2026-01-04 03:24:54.512] [DEBUG] Imagen modificada en el editor de píxeles
[2026-01-04 03:24:54.609] [DEBUG] Imagen modificada en el editor de píxeles
[2026-01-04 03:24:54.702] [DEBUG] Imagen modificada en el editor de píxeles
[2026-01-04 03:24:54.794] [DEBUG] Imagen modificada en el editor de píxeles
[2026-01-04 03:24:54.895] [DEBUG] Imagen modificada en el editor de píxeles
[2026-01-04 03:24:55.072] [DEBUG] Imagen modificada en el editor de píxeles
[2026-01-04 03:24:55.095] [DEBUG] Imagen modificada en el editor de píxeles
[2026-01-04 03:24:55.195] [DEBUG] Imagen modificada en el editor de píxeles
[2026-01-04 03:24:55.294] [DEBUG] Imagen modificada en el editor de píxeles
[2026-01-04 03:24:55.391] [DEBUG] Imagen modificada en el editor de píxeles
[2026-01-04 03:24:55.568] [DEBUG] Imagen modificada en el editor de píxeles
[2026-01-04 03:24:55.675] [DEBUG] Imagen modificada en el editor de píxeles
[2026-01-04 03:24:55.844] [DEBUG] Imagen modificada en el editor de píxeles
[2026-01-04 03:24:56.019] [DEBUG] Imagen modificada en el editor de píxeles
[2026-01-04 03:24:56.115] [DEBUG] Imagen modificada en el editor de píxeles
[2026-01-04 03:24:56.211] [DEBUG] Imagen modificada en el editor de píxeles
[2026-01-04 03:24:56.312] [DEBUG] Imagen modificada en el editor de píxeles
[2026-01-04 03:24:56.404] [DEBUG] Imagen modificada en el editor de píxeles
[2026-01-04 03:24:57.214] [DEBUG] Imagen modificada en el editor de píxeles
[2026-01-04 03:24:57.315] [DEBUG] Imagen modificada en el editor de píxeles
[2026-01-04 03:24:58.539] [DEBUG] Imagen modificada en el editor de píxeles
[2026-01-04 03:24:58.637] [DEBUG] Imagen modificada en el editor de píxeles
[2026-01-04 03:24:58.728] [DEBUG] Imagen modificada en el editor de píxeles
[2026-01-04 03:24:58.903] [DEBUG] Imagen modificada en el editor de píxeles
[2026-01-04 03:25:00.476] [INFO] ✓ Cambios de píxeles aplicados al tamaño 256x256
[2026-01-04 03:25:08.518] [INFO] Aplicación cerrándose...

================================================================================
Log cerrado: 2026-01-04 03:25:08
================================================================================
